<?xml version="1.0" encoding="UTF-8"?>
<!-- Generated by org.testng.reporters.JUnitXMLReporter -->
<testsuite ignored="0" hostname="RINMAC2974" failures="0" tests="5" name="LearningHubPage" time="40.537" errors="0" timestamp="16 Oct 2022 15:46:47 GMT">
  <testcase classname="RSDA.RSDAAPP.Test.LearningHub" name="checkChannelRedirection" time="31.177"/>
  <testcase classname="RSDA.RSDAAPP.Test.LearningHub" name="checkSeeMyProgressLink" time="2.853"/>
  <testcase classname="RSDA.RSDAAPP.Test.LearningHub" name="playFreeVideo" time="2.639"/>
  <testcase classname="RSDA.RSDAAPP.Test.LearningHub" name="playPremiumVideo" time="2.84"/>
  <testcase classname="RSDA.RSDAAPP.Test.LearningHub" name="playcontinuewatchingvideo" time="0.969"/>
</testsuite> <!-- LearningHubPage -->
