<?xml version="1.0" encoding="UTF-8"?>
<!-- Generated by org.testng.reporters.JUnitXMLReporter -->
<testsuite ignored="0" hostname="RINMAC2974" failures="0" tests="6" name="MyProgressPage" time="8.331" errors="0" timestamp="16 Oct 2022 15:47:04 GMT">
  <testcase classname="RSDA.RSDAAPP.Test.myprogress" name="clickMyProgress" time="1.57"/>
  <testcase classname="RSDA.RSDAAPP.Test.myprogress" name="checkOverviewSection" time="0.74"/>
  <testcase classname="RSDA.RSDAAPP.Test.myprogress" name="clickMyBookmarks" time="2.715"/>
  <testcase classname="RSDA.RSDAAPP.Test.myprogress" name="checkkMyBookmarks" time="0.219"/>
  <testcase classname="RSDA.RSDAAPP.Test.myprogress" name="clickCompleted" time="2.836"/>
  <testcase classname="RSDA.RSDAAPP.Test.myprogress" name="checkkCompleted" time="0.209"/>
</testsuite> <!-- MyProgressPage -->
