<?xml version="1.0" encoding="UTF-8"?>
<!-- Generated by org.testng.reporters.JUnitXMLReporter -->
<testsuite ignored="0" hostname="RINMAC2974" failures="2" tests="2" name="IniestaTv" time="15.072" errors="0" timestamp="2022-11-01T15:54:45 IST">
  <testcase classname="RSDA.RSDAAPP.Test.IniestaTv" name="checkDescription" time="0.011">
    <failure type="java.lang.NullPointerException" message="Cannot invoke &amp;quot;io.appium.java_client.android.AndroidDriver.findElement(org.openqa.selenium.By)&amp;quot; because &amp;quot;this.driver&amp;quot; is null">
      <![CDATA[java.lang.NullPointerException: Cannot invoke "io.appium.java_client.android.AndroidDriver.findElement(org.openqa.selenium.By)" because "this.driver" is null
at RSDA.RSDAAPP.PageObjectModal.IniestaTVPage.clickIniestaTvIcon(IniestaTVPage.java:43)
at RSDA.RSDAAPP.Test.IniestaTv.checkDescription(IniestaTv.java:33)
at java.base/java.util.ArrayList.forEach(ArrayList.java:1511)
... Removed 25 stack frames]]>
    </failure>
  </testcase> <!-- checkDescription -->
  <testcase classname="RSDA.RSDAAPP.Test.IniestaTv" name="checkDescription" time="0.048">
    <failure type="java.lang.NullPointerException" message="Cannot invoke &amp;quot;org.openqa.selenium.TakesScreenshot.getScreenshotAs(org.openqa.selenium.OutputType)&amp;quot; because &amp;quot;ts&amp;quot; is null">
      <![CDATA[java.lang.NullPointerException: Cannot invoke "org.openqa.selenium.TakesScreenshot.getScreenshotAs(org.openqa.selenium.OutputType)" because "ts" is null
at RSDA.RSDAAPP.Utility.AndroidAction.getScreenShotPath(AndroidAction.java:98)
at RSDA.RSDAAPP.Utility.Listeners.onTestFailure(Listeners.java:47)
at java.base/java.util.ArrayList.forEach(ArrayList.java:1511)
... Removed 24 stack frames]]>
    </failure>
  </testcase> <!-- checkDescription -->
</testsuite> <!-- IniestaTv -->
