<?xml version="1.0" encoding="UTF-8"?>
<!-- Generated by org.testng.reporters.JUnitXMLReporter -->
<testsuite ignored="0" hostname="RINMAC2974" failures="0" tests="5" name="LearningHubPage" time="0.281" errors="0" timestamp="2022-10-27T08:50:38 IST">
  <testcase classname="RSDA.RSDAAPP.Test.LearningHub" name="@BeforeClass setup" time="0.007">
    <failure type="java.lang.Error" message="Unresolved compilation problem: 
	Cannot make a static reference to the non-static field Login.driver
">
      <![CDATA[java.lang.Error: Unresolved compilation problem: 
Cannot make a static reference to the non-static field Login.driver

at RSDA.RSDAAPP.Test.LearningHub.setup(LearningHub.java:22)
at java.base/java.util.ArrayList.forEach(ArrayList.java:1511)
... Removed 23 stack frames]]>
    </failure>
  </testcase> <!-- @BeforeClass setup -->
  <testcase classname="RSDA.RSDAAPP.Test.LearningHub" name="checkLearningHubDescription" time="0.0">
    <skipped/>
  </testcase> <!-- checkLearningHubDescription -->
  <testcase classname="RSDA.RSDAAPP.Test.LearningHub" name="checkSeeMyProgressLink" time="0.0">
    <skipped/>
  </testcase> <!-- checkSeeMyProgressLink -->
  <testcase classname="RSDA.RSDAAPP.Test.LearningHub" name="playContinueWatchingvideo" time="0.0">
    <skipped/>
  </testcase> <!-- playContinueWatchingvideo -->
  <testcase classname="RSDA.RSDAAPP.Test.LearningHub" name="playFreeVideo" time="0.0">
    <skipped/>
  </testcase> <!-- playFreeVideo -->
  <testcase classname="RSDA.RSDAAPP.Test.LearningHub" name="playPremiumVideo" time="0.0">
    <skipped/>
  </testcase> <!-- playPremiumVideo -->
</testsuite> <!-- LearningHubPage -->
