<?xml version="1.0" encoding="UTF-8"?>
<!-- Generated by org.testng.reporters.JUnitXMLReporter -->
<testsuite ignored="0" hostname="RINMAC2974" failures="0" tests="3" name="MyProgressPage" time="44.507" errors="0" timestamp="2022-11-10T08:45:22 IST">
  <testcase classname="RSDA.RSDAAPP.Test.myprogress" name="checkCompleted" time="2.344"/>
  <testcase classname="RSDA.RSDAAPP.Test.myprogress" name="checkMyBookmarks" time="0.221"/>
  <testcase classname="RSDA.RSDAAPP.Test.myprogress" name="checkOverview" time="1.397"/>
</testsuite> <!-- MyProgressPage -->
