<?xml version="1.0" encoding="UTF-8"?>
<!-- Generated by org.testng.reporters.JUnitXMLReporter -->
<testsuite ignored="0" hostname="RINMAC2974" failures="2" tests="2" name="RSDAIcon" time="30.225" errors="0" timestamp="2022-11-09T15:45:39 IST">
  <testcase classname="RSDA.RSDAAPP.Test.RSDAIcon" name="checkBookmarkicon" time="0.033">
    <failure type="org.openqa.selenium.WebDriverException" message="An unknown server-side error occurred while processing the command. Original error: disconnected: unable to connect to renderer
  (failed to check if window was closed: disconnected: unable to connect to renderer)
  (Session info: chrome=107.0.5304.91)
Build info: version: &amp;apos;4.1.4&amp;apos;, revision: &amp;apos;535d840ee2&amp;apos;
System info: host: &amp;apos;RINMAC2974&amp;apos;, ip: &amp;apos;fe80:0:0:0:1437:56fe:777f:66ae%en0&amp;apos;, os.name: &amp;apos;Mac OS X&amp;apos;, os.arch: &amp;apos;x86_64&amp;apos;, os.version: &amp;apos;12.2.1&amp;apos;, java.version: &amp;apos;18.0.1.1&amp;apos;
Driver info: io.appium.java_client.android.AndroidDriver
Command: [b38f6060-c109-484b-83b7-9e1a383442d9, findElements {using=xpath, value=//button[@class=&amp;quot; absolute right-spacer-200 top-0 z-10&amp;quot;]}]
Capabilities {appium:appActivity: com.google.android.apps.chr..., appium:appPackage: com.android.chrome, appium:automationName: UIAutomator2, appium:chromedriverExecutable: /Users/saroj.kumar/Desktop/..., appium:databaseEnabled: false, appium:desired: {automationName: UIAutomator2, browserName: Chrome, chromedriverExecutable: /Users/saroj.kumar/Desktop/..., noReset: true, platformName: android, udid: 321014504727}, appium:deviceApiLevel: 29, appium:deviceManufacturer: ZTE, appium:deviceModel: ZR01, appium:deviceName: 321014504727, appium:deviceScreenDensity: 480, appium:deviceScreenSize: 1080x2460, appium:deviceUDID: 321014504727, appium:javascriptEnabled: true, appium:locationContextEnabled: false, appium:networkConnectionEnabled: true, appium:noReset: true, appium:pixelRatio: 3, appium:platformVersion: 10, appium:statBarHeight: 99, appium:takesScreenshot: true, appium:udid: 321014504727, appium:viewportRect: {height: 2142, left: 0, top: 99, width: 1080}, appium:warnings: {}, appium:webStorageEnabled: false, browserName: Chrome, platformName: android}
Session ID: b38f6060-c109-484b-83b7-9e1a383442d9">
      <![CDATA[org.openqa.selenium.WebDriverException: An unknown server-side error occurred while processing the command. Original error: disconnected: unable to connect to renderer
  (failed to check if window was closed: disconnected: unable to connect to renderer)
  (Session info: chrome=107.0.5304.91)
Build info: version: '4.1.4', revision: '535d840ee2'
System info: host: 'RINMAC2974', ip: 'fe80:0:0:0:1437:56fe:777f:66ae%en0', os.name: 'Mac OS X', os.arch: 'x86_64', os.version: '12.2.1', java.version: '18.0.1.1'
Driver info: io.appium.java_client.android.AndroidDriver
Command: [b38f6060-c109-484b-83b7-9e1a383442d9, findElements {using=xpath, value=//button[@class=" absolute right-spacer-200 top-0 z-10"]}]
Capabilities {appium:appActivity: com.google.android.apps.chr..., appium:appPackage: com.android.chrome, appium:automationName: UIAutomator2, appium:chromedriverExecutable: /Users/saroj.kumar/Desktop/..., appium:databaseEnabled: false, appium:desired: {automationName: UIAutomator2, browserName: Chrome, chromedriverExecutable: /Users/saroj.kumar/Desktop/..., noReset: true, platformName: android, udid: 321014504727}, appium:deviceApiLevel: 29, appium:deviceManufacturer: ZTE, appium:deviceModel: ZR01, appium:deviceName: 321014504727, appium:deviceScreenDensity: 480, appium:deviceScreenSize: 1080x2460, appium:deviceUDID: 321014504727, appium:javascriptEnabled: true, appium:locationContextEnabled: false, appium:networkConnectionEnabled: true, appium:noReset: true, appium:pixelRatio: 3, appium:platformVersion: 10, appium:statBarHeight: 99, appium:takesScreenshot: true, appium:udid: 321014504727, appium:viewportRect: {height: 2142, left: 0, top: 99, width: 1080}, appium:warnings: {}, appium:webStorageEnabled: false, browserName: Chrome, platformName: android}
Session ID: b38f6060-c109-484b-83b7-9e1a383442d9
at org.openqa.selenium.remote.codec.w3c.W3CHttpResponseCodec.createException(W3CHttpResponseCodec.java:200)
at org.openqa.selenium.remote.codec.w3c.W3CHttpResponseCodec.decode(W3CHttpResponseCodec.java:133)
at org.openqa.selenium.remote.codec.w3c.W3CHttpResponseCodec.decode(W3CHttpResponseCodec.java:53)
at org.openqa.selenium.remote.HttpCommandExecutor.execute(HttpCommandExecutor.java:184)
at io.appium.java_client.remote.AppiumCommandExecutor.execute(AppiumCommandExecutor.java:180)
at org.openqa.selenium.remote.RemoteWebDriver.execute(RemoteWebDriver.java:567)
at org.openqa.selenium.remote.ElementLocation$ElementFinder$2.findElements(ElementLocation.java:179)
at org.openqa.selenium.remote.ElementLocation.findElements(ElementLocation.java:102)
at org.openqa.selenium.remote.RemoteWebDriver.findElements(RemoteWebDriver.java:400)
at org.openqa.selenium.remote.RemoteWebDriver.findElements(RemoteWebDriver.java:392)
at org.openqa.selenium.support.pagefactory.DefaultElementLocator.findElements(DefaultElementLocator.java:87)
at org.openqa.selenium.support.pagefactory.internal.LocatingElementListHandler.invoke(LocatingElementListHandler.java:37)
at jdk.proxy2/jdk.proxy2.$Proxy20.get(Unknown Source)
at RSDA.RSDAAPP.PageObjectModal.Icon.checkBookmarkIcon(Icon.java:26)
at RSDA.RSDAAPP.Test.RSDAIcon.checkBookmarkicon(RSDAIcon.java:39)
at java.base/java.util.ArrayList.forEach(ArrayList.java:1511)
... Removed 28 stack frames]]>
    </failure>
  </testcase> <!-- checkBookmarkicon -->
  <testcase classname="RSDA.RSDAAPP.Test.RSDAIcon" name="checkBookmarkicon" time="0.068">
    <failure type="org.openqa.selenium.WebDriverException" message="An unknown server-side error occurred while processing the command. Original error: disconnected: unable to connect to renderer
  (failed to check if window was closed: disconnected: unable to connect to renderer)
  (Session info: chrome=107.0.5304.91)
Build info: version: &amp;apos;4.1.4&amp;apos;, revision: &amp;apos;535d840ee2&amp;apos;
System info: host: &amp;apos;RINMAC2974&amp;apos;, ip: &amp;apos;fe80:0:0:0:1437:56fe:777f:66ae%en0&amp;apos;, os.name: &amp;apos;Mac OS X&amp;apos;, os.arch: &amp;apos;x86_64&amp;apos;, os.version: &amp;apos;12.2.1&amp;apos;, java.version: &amp;apos;18.0.1.1&amp;apos;
Driver info: io.appium.java_client.android.AndroidDriver
Command: [b38f6060-c109-484b-83b7-9e1a383442d9, screenshot {}]
Capabilities {appium:appActivity: com.google.android.apps.chr..., appium:appPackage: com.android.chrome, appium:automationName: UIAutomator2, appium:chromedriverExecutable: /Users/saroj.kumar/Desktop/..., appium:databaseEnabled: false, appium:desired: {automationName: UIAutomator2, browserName: Chrome, chromedriverExecutable: /Users/saroj.kumar/Desktop/..., noReset: true, platformName: android, udid: 321014504727}, appium:deviceApiLevel: 29, appium:deviceManufacturer: ZTE, appium:deviceModel: ZR01, appium:deviceName: 321014504727, appium:deviceScreenDensity: 480, appium:deviceScreenSize: 1080x2460, appium:deviceUDID: 321014504727, appium:javascriptEnabled: true, appium:locationContextEnabled: false, appium:networkConnectionEnabled: true, appium:noReset: true, appium:pixelRatio: 3, appium:platformVersion: 10, appium:statBarHeight: 99, appium:takesScreenshot: true, appium:udid: 321014504727, appium:viewportRect: {height: 2142, left: 0, top: 99, width: 1080}, appium:warnings: {}, appium:webStorageEnabled: false, browserName: Chrome, platformName: android}
Session ID: b38f6060-c109-484b-83b7-9e1a383442d9">
      <![CDATA[org.openqa.selenium.WebDriverException: An unknown server-side error occurred while processing the command. Original error: disconnected: unable to connect to renderer
  (failed to check if window was closed: disconnected: unable to connect to renderer)
  (Session info: chrome=107.0.5304.91)
Build info: version: '4.1.4', revision: '535d840ee2'
System info: host: 'RINMAC2974', ip: 'fe80:0:0:0:1437:56fe:777f:66ae%en0', os.name: 'Mac OS X', os.arch: 'x86_64', os.version: '12.2.1', java.version: '18.0.1.1'
Driver info: io.appium.java_client.android.AndroidDriver
Command: [b38f6060-c109-484b-83b7-9e1a383442d9, screenshot {}]
Capabilities {appium:appActivity: com.google.android.apps.chr..., appium:appPackage: com.android.chrome, appium:automationName: UIAutomator2, appium:chromedriverExecutable: /Users/saroj.kumar/Desktop/..., appium:databaseEnabled: false, appium:desired: {automationName: UIAutomator2, browserName: Chrome, chromedriverExecutable: /Users/saroj.kumar/Desktop/..., noReset: true, platformName: android, udid: 321014504727}, appium:deviceApiLevel: 29, appium:deviceManufacturer: ZTE, appium:deviceModel: ZR01, appium:deviceName: 321014504727, appium:deviceScreenDensity: 480, appium:deviceScreenSize: 1080x2460, appium:deviceUDID: 321014504727, appium:javascriptEnabled: true, appium:locationContextEnabled: false, appium:networkConnectionEnabled: true, appium:noReset: true, appium:pixelRatio: 3, appium:platformVersion: 10, appium:statBarHeight: 99, appium:takesScreenshot: true, appium:udid: 321014504727, appium:viewportRect: {height: 2142, left: 0, top: 99, width: 1080}, appium:warnings: {}, appium:webStorageEnabled: false, browserName: Chrome, platformName: android}
Session ID: b38f6060-c109-484b-83b7-9e1a383442d9
at org.openqa.selenium.remote.codec.w3c.W3CHttpResponseCodec.createException(W3CHttpResponseCodec.java:200)
at org.openqa.selenium.remote.codec.w3c.W3CHttpResponseCodec.decode(W3CHttpResponseCodec.java:133)
at org.openqa.selenium.remote.codec.w3c.W3CHttpResponseCodec.decode(W3CHttpResponseCodec.java:53)
at org.openqa.selenium.remote.HttpCommandExecutor.execute(HttpCommandExecutor.java:184)
at io.appium.java_client.remote.AppiumCommandExecutor.execute(AppiumCommandExecutor.java:180)
at org.openqa.selenium.remote.RemoteWebDriver.execute(RemoteWebDriver.java:567)
at org.openqa.selenium.remote.RemoteWebDriver.execute(RemoteWebDriver.java:622)
at io.appium.java_client.AppiumDriver.execute(AppiumDriver.java:268)
at org.openqa.selenium.remote.RemoteWebDriver.getScreenshotAs(RemoteWebDriver.java:351)
at RSDA.RSDAAPP.Utility.AndroidAction.getScreenShotPath(AndroidAction.java:109)
at RSDA.RSDAAPP.Utility.Listeners.onTestFailure(Listeners.java:47)
at java.base/java.util.ArrayList.forEach(ArrayList.java:1511)
... Removed 27 stack frames]]>
    </failure>
  </testcase> <!-- checkBookmarkicon -->
</testsuite> <!-- RSDAIcon -->
