<?xml version="1.0" encoding="UTF-8"?>
<!-- Generated by org.testng.reporters.JUnitXMLReporter -->
<testsuite ignored="0" hostname="RINMAC2974" failures="0" tests="3" name="SettingPage" time="0.045" errors="0" timestamp="2022-11-10T08:44:38 IST">
  <testcase classname="RSDA.RSDAAPP.Test.Setting" name="@BeforeTest setup" time="0.005">
    <failure type="java.lang.NullPointerException" message="Cannot invoke &amp;quot;io.appium.java_client.android.AndroidDriver.manage()&amp;quot; because &amp;quot;this.driver&amp;quot; is null">
      <![CDATA[java.lang.NullPointerException: Cannot invoke "io.appium.java_client.android.AndroidDriver.manage()" because "this.driver" is null
at RSDA.RSDAAPP.Test.Setting.setup(Setting.java:46)
... Removed 22 stack frames]]>
    </failure>
  </testcase> <!-- @BeforeTest setup -->
  <testcase classname="RSDA.RSDAAPP.Test.Setting" name="checkPaymentStatus" time="0.0">
    <skipped/>
  </testcase> <!-- checkPaymentStatus -->
  <testcase classname="RSDA.RSDAAPP.Test.Setting" name="checkSubscriptionStatus" time="0.0">
    <skipped/>
  </testcase> <!-- checkSubscriptionStatus -->
  <testcase classname="RSDA.RSDAAPP.Test.Setting" name="checkEditOnMyRakuten" time="0.0">
    <skipped/>
  </testcase> <!-- checkEditOnMyRakuten -->
</testsuite> <!-- SettingPage -->
