<?xml version="1.0" encoding="UTF-8"?>
<!-- Generated by org.testng.reporters.JUnitXMLReporter -->
<testsuite ignored="0" hostname="RINMAC2974" failures="1" tests="4" name="UnsubscribedUserLearningHub" time="63.855" errors="0" timestamp="2022-11-09T16:05:42 IST">
  <testcase classname="RSDA.RSDAAPP.Test.LearninghubUnsubscribed" name="@AfterMethod goToLearningHubPage" time="0.384">
    <failure type="org.openqa.selenium.StaleElementReferenceException" message="stale element reference: element is not attached to the page document
  (Session info: chrome=107.0.5304.91)
For documentation on this error, please visit: https://selenium.dev/exceptions/#stale_element_reference
Build info: version: &amp;apos;4.1.4&amp;apos;, revision: &amp;apos;535d840ee2&amp;apos;
System info: host: &amp;apos;RINMAC2974&amp;apos;, ip: &amp;apos;fe80:0:0:0:1437:56fe:777f:66ae%en0&amp;apos;, os.name: &amp;apos;Mac OS X&amp;apos;, os.arch: &amp;apos;x86_64&amp;apos;, os.version: &amp;apos;12.2.1&amp;apos;, java.version: &amp;apos;18.0.1.1&amp;apos;
Driver info: io.appium.java_client.android.AndroidDriver
Command: [2c563c53-13b0-4743-9a7f-3cb490c09323, clickElement {id=8f8296de-1810-4f1a-841d-e3451fdb35e2}]
Capabilities {appium:appActivity: com.google.android.apps.chr..., appium:appPackage: com.android.chrome, appium:automationName: UIAutomator2, appium:chromedriverExecutable: /Users/saroj.kumar/Desktop/..., appium:databaseEnabled: false, appium:desired: {automationName: UIAutomator2, browserName: Chrome, chromedriverExecutable: /Users/saroj.kumar/Desktop/..., noReset: true, platformName: android, udid: 321014504727}, appium:deviceApiLevel: 29, appium:deviceManufacturer: ZTE, appium:deviceModel: ZR01, appium:deviceName: 321014504727, appium:deviceScreenDensity: 480, appium:deviceScreenSize: 1080x2460, appium:deviceUDID: 321014504727, appium:javascriptEnabled: true, appium:locationContextEnabled: false, appium:networkConnectionEnabled: true, appium:noReset: true, appium:pixelRatio: 3, appium:platformVersion: 10, appium:statBarHeight: 99, appium:takesScreenshot: true, appium:udid: 321014504727, appium:viewportRect: {height: 2142, left: 0, top: 99, width: 1080}, appium:warnings: {}, appium:webStorageEnabled: false, browserName: Chrome, platformName: android}
Element: [[AndroidDriver: Chrome on android (2c563c53-13b0-4743-9a7f-3cb490c09323)] -&amp;gt; xpath: //span[contains(text(),&amp;apos;Learning Hub&amp;apos;)]]
Session ID: 2c563c53-13b0-4743-9a7f-3cb490c09323">
      <![CDATA[org.openqa.selenium.StaleElementReferenceException: stale element reference: element is not attached to the page document
  (Session info: chrome=107.0.5304.91)
For documentation on this error, please visit: https://selenium.dev/exceptions/#stale_element_reference
Build info: version: '4.1.4', revision: '535d840ee2'
System info: host: 'RINMAC2974', ip: 'fe80:0:0:0:1437:56fe:777f:66ae%en0', os.name: 'Mac OS X', os.arch: 'x86_64', os.version: '12.2.1', java.version: '18.0.1.1'
Driver info: io.appium.java_client.android.AndroidDriver
Command: [2c563c53-13b0-4743-9a7f-3cb490c09323, clickElement {id=8f8296de-1810-4f1a-841d-e3451fdb35e2}]
Capabilities {appium:appActivity: com.google.android.apps.chr..., appium:appPackage: com.android.chrome, appium:automationName: UIAutomator2, appium:chromedriverExecutable: /Users/saroj.kumar/Desktop/..., appium:databaseEnabled: false, appium:desired: {automationName: UIAutomator2, browserName: Chrome, chromedriverExecutable: /Users/saroj.kumar/Desktop/..., noReset: true, platformName: android, udid: 321014504727}, appium:deviceApiLevel: 29, appium:deviceManufacturer: ZTE, appium:deviceModel: ZR01, appium:deviceName: 321014504727, appium:deviceScreenDensity: 480, appium:deviceScreenSize: 1080x2460, appium:deviceUDID: 321014504727, appium:javascriptEnabled: true, appium:locationContextEnabled: false, appium:networkConnectionEnabled: true, appium:noReset: true, appium:pixelRatio: 3, appium:platformVersion: 10, appium:statBarHeight: 99, appium:takesScreenshot: true, appium:udid: 321014504727, appium:viewportRect: {height: 2142, left: 0, top: 99, width: 1080}, appium:warnings: {}, appium:webStorageEnabled: false, browserName: Chrome, platformName: android}
Element: [[AndroidDriver: Chrome on android (2c563c53-13b0-4743-9a7f-3cb490c09323)] -> xpath: //span[contains(text(),'Learning Hub')]]
Session ID: 2c563c53-13b0-4743-9a7f-3cb490c09323
at org.openqa.selenium.remote.codec.w3c.W3CHttpResponseCodec.createException(W3CHttpResponseCodec.java:200)
at org.openqa.selenium.remote.codec.w3c.W3CHttpResponseCodec.decode(W3CHttpResponseCodec.java:133)
at org.openqa.selenium.remote.codec.w3c.W3CHttpResponseCodec.decode(W3CHttpResponseCodec.java:53)
at org.openqa.selenium.remote.HttpCommandExecutor.execute(HttpCommandExecutor.java:184)
at io.appium.java_client.remote.AppiumCommandExecutor.execute(AppiumCommandExecutor.java:180)
at org.openqa.selenium.remote.RemoteWebDriver.execute(RemoteWebDriver.java:567)
at org.openqa.selenium.remote.RemoteWebElement.execute(RemoteWebElement.java:251)
at org.openqa.selenium.remote.RemoteWebElement.click(RemoteWebElement.java:77)
at org.openqa.selenium.support.pagefactory.internal.LocatingElementHandler.invoke(LocatingElementHandler.java:52)
at jdk.proxy2/jdk.proxy2.$Proxy20.click(Unknown Source)
at RSDA.RSDAAPP.PageObjectModal.learningHubPage.clickLearningHub(learningHubPage.java:65)
at RSDA.RSDAAPP.Test.LearninghubUnsubscribed.goToLearningHubPage(LearninghubUnsubscribed.java:47)
at java.base/java.util.ArrayList.forEach(ArrayList.java:1511)
... Removed 35 stack frames]]>
    </failure>
  </testcase> <!-- @AfterMethod goToLearningHubPage -->
  <testcase classname="RSDA.RSDAAPP.Test.LearninghubUnsubscribed" name="checkFreeTag" time="3.631"/>
  <testcase classname="RSDA.RSDAAPP.Test.LearninghubUnsubscribed" name="checkPremiumTag" time="0.143"/>
  <testcase classname="RSDA.RSDAAPP.Test.LearninghubUnsubscribed" name="playFreeVideo" time="15.294">
    <failure type="org.openqa.selenium.NoSuchElementException" message="no such element: Unable to locate element: {&amp;quot;method&amp;quot;:&amp;quot;xpath&amp;quot;,&amp;quot;selector&amp;quot;:&amp;quot;//div[@class=&amp;quot;vjs-current-time vjs-time-control vjs-control&amp;quot;]&amp;quot;}
  (Session info: chrome=107.0.5304.91)
For documentation on this error, please visit: https://selenium.dev/exceptions/#no_such_element
Build info: version: &amp;apos;4.1.4&amp;apos;, revision: &amp;apos;535d840ee2&amp;apos;
System info: host: &amp;apos;RINMAC2974&amp;apos;, ip: &amp;apos;fe80:0:0:0:1437:56fe:777f:66ae%en0&amp;apos;, os.name: &amp;apos;Mac OS X&amp;apos;, os.arch: &amp;apos;x86_64&amp;apos;, os.version: &amp;apos;12.2.1&amp;apos;, java.version: &amp;apos;18.0.1.1&amp;apos;
Driver info: io.appium.java_client.android.AndroidDriver
Command: [2c563c53-13b0-4743-9a7f-3cb490c09323, findElement {using=xpath, value=//div[@class=&amp;quot;vjs-current-time vjs-time-control vjs-control&amp;quot;]}]
Capabilities {appium:appActivity: com.google.android.apps.chr..., appium:appPackage: com.android.chrome, appium:automationName: UIAutomator2, appium:chromedriverExecutable: /Users/saroj.kumar/Desktop/..., appium:databaseEnabled: false, appium:desired: {automationName: UIAutomator2, browserName: Chrome, chromedriverExecutable: /Users/saroj.kumar/Desktop/..., noReset: true, platformName: android, udid: 321014504727}, appium:deviceApiLevel: 29, appium:deviceManufacturer: ZTE, appium:deviceModel: ZR01, appium:deviceName: 321014504727, appium:deviceScreenDensity: 480, appium:deviceScreenSize: 1080x2460, appium:deviceUDID: 321014504727, appium:javascriptEnabled: true, appium:locationContextEnabled: false, appium:networkConnectionEnabled: true, appium:noReset: true, appium:pixelRatio: 3, appium:platformVersion: 10, appium:statBarHeight: 99, appium:takesScreenshot: true, appium:udid: 321014504727, appium:viewportRect: {height: 2142, left: 0, top: 99, width: 1080}, appium:warnings: {}, appium:webStorageEnabled: false, browserName: Chrome, platformName: android}
Session ID: 2c563c53-13b0-4743-9a7f-3cb490c09323">
      <![CDATA[org.openqa.selenium.NoSuchElementException: no such element: Unable to locate element: {"method":"xpath","selector":"//div[@class="vjs-current-time vjs-time-control vjs-control"]"}
  (Session info: chrome=107.0.5304.91)
For documentation on this error, please visit: https://selenium.dev/exceptions/#no_such_element
Build info: version: '4.1.4', revision: '535d840ee2'
System info: host: 'RINMAC2974', ip: 'fe80:0:0:0:1437:56fe:777f:66ae%en0', os.name: 'Mac OS X', os.arch: 'x86_64', os.version: '12.2.1', java.version: '18.0.1.1'
Driver info: io.appium.java_client.android.AndroidDriver
Command: [2c563c53-13b0-4743-9a7f-3cb490c09323, findElement {using=xpath, value=//div[@class="vjs-current-time vjs-time-control vjs-control"]}]
Capabilities {appium:appActivity: com.google.android.apps.chr..., appium:appPackage: com.android.chrome, appium:automationName: UIAutomator2, appium:chromedriverExecutable: /Users/saroj.kumar/Desktop/..., appium:databaseEnabled: false, appium:desired: {automationName: UIAutomator2, browserName: Chrome, chromedriverExecutable: /Users/saroj.kumar/Desktop/..., noReset: true, platformName: android, udid: 321014504727}, appium:deviceApiLevel: 29, appium:deviceManufacturer: ZTE, appium:deviceModel: ZR01, appium:deviceName: 321014504727, appium:deviceScreenDensity: 480, appium:deviceScreenSize: 1080x2460, appium:deviceUDID: 321014504727, appium:javascriptEnabled: true, appium:locationContextEnabled: false, appium:networkConnectionEnabled: true, appium:noReset: true, appium:pixelRatio: 3, appium:platformVersion: 10, appium:statBarHeight: 99, appium:takesScreenshot: true, appium:udid: 321014504727, appium:viewportRect: {height: 2142, left: 0, top: 99, width: 1080}, appium:warnings: {}, appium:webStorageEnabled: false, browserName: Chrome, platformName: android}
Session ID: 2c563c53-13b0-4743-9a7f-3cb490c09323
at org.openqa.selenium.remote.codec.w3c.W3CHttpResponseCodec.createException(W3CHttpResponseCodec.java:200)
at org.openqa.selenium.remote.codec.w3c.W3CHttpResponseCodec.decode(W3CHttpResponseCodec.java:133)
at org.openqa.selenium.remote.codec.w3c.W3CHttpResponseCodec.decode(W3CHttpResponseCodec.java:53)
at org.openqa.selenium.remote.HttpCommandExecutor.execute(HttpCommandExecutor.java:184)
at io.appium.java_client.remote.AppiumCommandExecutor.execute(AppiumCommandExecutor.java:180)
at org.openqa.selenium.remote.RemoteWebDriver.execute(RemoteWebDriver.java:567)
at org.openqa.selenium.remote.ElementLocation$ElementFinder$2.findElement(ElementLocation.java:162)
at org.openqa.selenium.remote.ElementLocation.findElement(ElementLocation.java:60)
at org.openqa.selenium.remote.RemoteWebDriver.findElement(RemoteWebDriver.java:385)
at org.openqa.selenium.remote.RemoteWebDriver.findElement(RemoteWebDriver.java:377)
at RSDA.RSDAAPP.Utility.AndroidAction.getVideoTime(AndroidAction.java:91)
at RSDA.RSDAAPP.Test.LearninghubUnsubscribed.playFreeVideo(LearninghubUnsubscribed.java:66)
at java.base/java.util.ArrayList.forEach(ArrayList.java:1511)
... Removed 28 stack frames]]>
    </failure>
  </testcase> <!-- playFreeVideo -->
  <testcase classname="RSDA.RSDAAPP.Test.LearninghubUnsubscribed" name="playPremiumVideo" time="2.09"/>
</testsuite> <!-- UnsubscribedUserLearningHub -->
