<?xml version="1.0" encoding="UTF-8"?>
<!-- Generated by org.testng.reporters.JUnitXMLReporter -->
<testsuite ignored="0" hostname="RINMAC2974" failures="0" tests="2" name="UnsubscribedUser_Iniesta" time="43.028" errors="0" timestamp="2022-11-09T16:06:25 IST">
  <testcase classname="RSDA.RSDAAPP.Test.IniestaTvPremiumUser" name="checkPremiumTag" time="0.117"/>
  <testcase classname="RSDA.RSDAAPP.Test.IniestaTvPremiumUser" name="playPremiumcontent" time="6.493"/>
</testsuite> <!-- UnsubscribedUser_Iniesta -->
