<?xml version="1.0" encoding="UTF-8"?>
<testsuite xmlns:xsi="http://www.w3.org/2001/XMLSchema-instance" xsi:noNamespaceSchemaLocation="https://maven.apache.org/surefire/maven-surefire-plugin/xsd/surefire-test-report-3.0.xsd" version="3.0" name="TestSuite" time="137.532" tests="6" errors="0" skipped="0" failures="4">
  <properties>
[...]
</properties>
  <testcase name="checkLearningHubDescription[{cancel=Cancel, player_rewind_10=Rewind 10 seconds, empty_completed_description=No completed lessons, no_billing_history=There is no billing history., error_404_description=Please check the URL or start again from the home page., iniesta_tv_short=Iniesta TV, videos=lessons, quote_iniesta_bepassionate_underlined=play and learn., userid=skun799@gmail.com, landing_3points_highlight=3 key points, footer_help=Help Center, password=Saroj@1234, settings_myr_help_text=Your Rakuten ID and password are used to log into Iniesta Methodology. To change your personal information including your e-mail address and password, please log into my Rakuten., error_401_description=Please start again from the home page., empty_payment_history_description=Any payments you make will appear here., payment_continue_learning_hub=Continue to Learning Hub, download_in_progress=Downloading..., payment_success_header=Transaction completed!, label_new=New, paid_video_button=Purchase Learning Hub, notification_error_bookmarking=There was an error while bookmarking this video., title_transaction_policy_page=Transactions Policy - Iniesta&apos;s Methodology Digital, sign_up=Sign up, header_im_home=Iniesta’s Methodology Home, footer_im_digital=Iniesta’s Methodology Digital, player_pause=Pause, completed=Completed, billing_history=Billing history, payment_success_description=Thank you for your purchase. Please check your registered email inbox for confirmation., label_completed=Completed, footer_rakuten_group=Rakuten Group, inactive_subscriptions=Inactive subscriptions, log_out_edit_myr=Sign out and edit on my Rakuten, footer_heading_contact_us=CONTACT US, my_bookmarks=My Bookmarks, landing_see_sample_video=See Sample Video, player_forward_10=Forward 10 seconds, error_region_block_description=We are hoping to bring our service to you soon!&#10;&#10;For the time being, check out our exclusive Andrés Iniesta content on the Rakuten Global Sports Platform., sign_in_rid=Sign in with Rakuten ID, empty_bookmark_description=No bookmarked lessons, footer_privacy_policy=Privacy Policy, continue_to_purchase=Continue to purchase, my_progress_long=My Progress, landing_coaches_header=Coaches, title_iniestatv_page=Iniesta TV - Iniesta&apos;s Methodology Digital, Edit_page_url=https://my.rakuten.co.jp/, legal_privacy_title=Privacy Policy, coach_juanky_title=Former Coach and Director, landing_howtostart_header=How to, learning_hub_long=Learning Hub, payment_failed_header=Your transaction could not be processed., try_again=Try again, help_center_long=Help Center, label_order_paid=Paid, coach_quim_title=Coach and Director, payment_server_not_loading_description=The server is temporarily unable to load.&#10;Please try again in a few moments., label_subscription_active=Active, empty_payment_history_header=You have no payment history., footer_about_rakuten=About Rakuten, landing_howtostart_explore=Explore various categories on Learning Hub., settings_personal_info_modal_content=You will be logged out of Iniesta Methodology and taken to my Rakuten to edit your personal information., channels.learning-hub.physical=Physical, lessons_watched=Lessons completed, empty_bookmark_alert=When you bookmark a lesson, you can easily track it here., error_500_description=Please try again in a few seconds., landing_learning_hub_plan_duration=1 year subscription, landing_app_description=Improve your football skills on the go on your own device wherever you are.&#10;&#10;*Purchase Learning Hub for full access., label_premium=PREMIUM, landing_section_price=Price, decorative_or=OR, title_order_confrmation=Purchase confirmation - Iniesta&apos;s Methodology Digital, footer_heading_about=ABOUT, label_in_progress=Started, landing_poweredby_rid=Iniesta&apos;s Methodology Digital is powered by Rakuten ID.&#10;You will be redirected to a separate page to sign up., landing_register_cta=Start the Journey Now, explore_learninghub=Watch the Video Samples, landing_pricing_header=Pricing, coach_quim=Quim Ramón, video_quality_default=(Default), label_subscription_refunded=Refunded, add_to_bookmark=Added to My Bookmarks, button.back-to-previous-page=Back to previous page, landing_readycta_highlight=start the journey?, sign_in=Sign in, landing_section_features=Features, video_menu_subtitles=Subtitles, view_all_lessons=View all lessons, coach_iniesta_description=Founder of Iniesta’s Methodology and captain of Vissel Kobe team. He is a global star who contributed to the 2010 FIFA World Cup victory for the Spanish national team and has won the LaLiga title 9 times and the UEFA Champions League 4 times with FC Barcelona., coach_ivan_description=Coach and assistant director of Iniesta’s Methodology, Iván, has experience as a physical trainer, coach, and youth team coordinator in Spain. He is one of the coaches that Iniesta trusts, and is eager to spread the joy of football through Iniesta’s Methodology., quote_iniesta_bepassionate_end=while you, filter_sort_bypopularity=Sort by most popular, channels.learning-hub.mental=Mental, my_progress=See my progress, paywall_header=Sorry, this video is not available with your current plan., landing_howtostart_header_highlight=Start the Journey, label_order_pending=Pending, channels.learning-hub.technique-description=Learn various football skills from the basics to advanced including shooting, passing, dribbling, and more., settings_personal_info_modal_header=Edit personal information, pricing_annual_suffix=/year, error_generic_description=Please start again from the home page., notification_remove_from_bookmark=Removed from My Bookmarks, firstname=Mobile, footer_faq=FAQ, landing_readycta_start=Ready to, edit_my_rakuten=Edit on my Rakuten, empty_inactive_subscriptions_header=You have no inactive subscriptions., landing_point2_description=Various football topics catered for all positions., settings_personal_info=Personal information, order_number=Order number, description=Details, go_to_learninghub=Go to Learning Hub page, error_payment_nopermission_description=You don’t have permission to access this order page, or this order page URL has expired. Please go back to the home page and try again., coach_ivan=Iván Cascales, title_landing_page=Iniesta&apos;s Methodology Digital, footer_contact_us=Contact us, title_faq_page=FAQ - Iniesta&apos;s Methodology Digital, channels.learning-hub.mental-description=Learn how to train and manage your mental game for any game environment and play., my_progress_short=Progress, title_pricing_page=Pricing - Iniesta&apos;s Methodology Digital, landing_hero_header_middle=from a , menu.language.english=English, billing_information=Billing information, overview=Overview, settings_long=Settings, player_play=Play, coach_iniesta=Andrés Iniesta, landing_3points_end=of Iniesta&apos;s Methodology Digital?, landing_learning_hub_point2=Learn from experts on football and other sports-related disciplines, payment_error_description=We have run into an error while processing your transaction. Please try again in a few minutes., landing_learning_hub_point1=Get access to a growing library of premium lessons by Iniesta and coaches, landing_learning_hub_point4=Free access to selected episodes from the Iniesta TV series, label_subscription_expired=Expired, landing_learning_hub_point3=Growing library of lessons over time, purchase=Purchase, home=Home, button.go-to-rakuten-sports=Go to Rakuten Sports, meta_description_landing_page=Join the football journey with Andrés Iniesta and his coaches and improve your skills at your own convenience!, landing_point2_header=Variety, filter_sort_bymost=Sort by most recent, active_subscriptions=Active subscriptions, footer_contact=Contact, video_medium_quality=Medium quality, coach_juanky=Juan Carlos Calero, quote_iniesta_bepassionate_highlighted=passionate, excited, and have fun, landing_updates_header=Bulletin Board, tooltip_order_pending=Your transaction is being processed. This may take up to 20 minutes.&#10;You won’t be charged until your order has been processed successfully., username=rsda, video_highest_quality=Highest quality, Terms_page_url=https://stg-iniesta.ra-sports.net/terms?source=mobile, empty_active_subscriptions_description=You can purchase a subscription to access premium content in Learning Hub., error_region_block_header=We apologize for the inconvenience, but Iniesta’s Methodology Digital is currently not available in your region., sign_in_sign_up=Sign in/Sign up, quote_iniesta_bepassionate_start=Be, landing_3points_start=What are the, video_menu_off=Off, coming_soon=Coming soon, player_unmute=Unmute, footer_transactions_policy=Transactions Policy, pricing_tax_in=Tax included, service_period=Service period, landing_coach_video_button=Watch Coach&apos;s Greetings, help_center_short=Help, landing_see_more=See more, price=Price, remove_from_bookmarks=Removed from My Bookmarks, subscription_status=Subscription status, footer_heading_im=INIESTA&apos;S METHODOLOGY, label_open=Open, legal.privacy.date-updated=Last Updated Date: April 1, 2022, error_500_header=The server is temporarily unable to load., error_401_header=Not authorized for access, landing_section_coaches=Coaches, my_progress_alert_newlessons=Check out the newly added lessons below!, payment_retry_description=Please retry your transaction or choose a new payment method., title_myprogress_page=My Progress - Iniesta&apos;s Methodology Digital, lastname=Testing, landing_purchase_now=Purchase now, video_menu_quality=Video quality, footer_pricing=Pricing, footer_help_contact=Help / Contact, rakuten_id=Rakuten ID, purchase_date=Purchased on, landing_hero_header_end=legend., footer_sustainability=Sustainability, payment_thankyou_header=Thank you for choosing Iniesta&apos;s Methodology!, landing_app_header=Download the official app!, back_to_top=Back to top, notification_add_to_bookmark=Added to My Bookmarks, player_exit_full_screen=Exit full screen, filter_sort_byleast=Sort by least recent, video_high_quality=High quality, footer_terms_of_service=Terms of Use, coach_iniesta_title=Founder of Iniesta&apos;s Methodology, coach_ivan_title=Coach and Assistant Director, title_privacy_page=Privacy Policy - Iniesta&apos;s Methodology Digital, landing_section_about=About, channels.learning-hub.strategy=Strategy, landing_howtostart_plan=Plan out your journey to improve the football skills you wish to work on., billing_sub_details={{plan_name}} - Purchase Date {{purchasedate}}, continue_watching=Continue learning, coach_juanky_description=Technical director Juan Carlos has been coaching and guiding Andrés to grow into the star player he is today for over 28 years. He holds the UEFA-PRO, the top license in Europe. When Iniesta decided to start his football school in Japan, he asked Juan to move to Japan and lead the school with him., download_button=Download, payment_history=Payment history, Privacy_page_url=https://stg-iniesta.ra-sports.net/privacy?source=mobile, continue_watching_description=Continue learning where you left off!, mark_as_watched=Mark as watched, learning_hub_short=Learn, label_free=FREE, button.go-to-payment-history=Go to Payment History, date=Date, channels.learning-hub.physical-description=Learn from Iniesta on how to train your body,prepare before a game,and manage a healthy diet., player_mute=Mute, see_all_updates=See all updates, notification_error_unbookmarking=There was an error while unbookmarking this video., title_learninghub_page=Learning Hub - Iniesta&apos;s Methodology Digital, bookmark_description=See all your saved videos, footer_apps_overview=Apps overview, coach_quim_description=Coach and director of Iniesta’s Methodology, Quim, has coached various youth teams including FC Barcelona for over 20 years. Fully trusted by Iniesta, Quim was the main coordinator and director of Iniesta&apos;s Methodology Campus in Summer 2021 upon Iniesta&apos;s request., ask_iniesta_long=Ask Iniesta, channels.learning-hub.bonus-description=Videos featuring Iniesta to be produced and available for streaming.Stay tuned., channels.learning-hub.bonus=Bonus, title_terms_page=Terms of Use - Iniesta&apos;s Methodology Digital, footer_copyright=© 2022 - 2023, Rakuten Group, Inc., payment_method=Payment method, player_full_screen=Full screen, landing_followus_end=on our channels!, landing_howtostart_enjoy=Enjoy your learnings!, footer_iniesta_methodology_school=Iniesta&apos;s Methodology School, paywall_description=Enable the lesson by purchasing a subscription for Learning Hub!, back_to_home=Back to home, empty_active_subscriptions_header=You have no active subscriptions., account_settings=Account settings, landing_hero_header_start=Learn football, log_out=Sign out, landing_point1_header=Convenience, landing_point3_header=Curated Programs, payment_modal_redirect_header=Please wait..., tooltip_order_failed=We couldn’t process your transaction. If any amount was deducted from your account, it will be refunded within 5-7 business days., completed_videos=Completed lessons, Contact_page_url=https://help.iniestamethodology-digital.com/hc/en-us/requests/new, error_generic_header=Sorry, there was an unknown error., landing_section_contact=Contact, landing_point1_description=Available on any device, at anytime, and anywhere., coach_iniesta_awards=1x FIFA World Cup&#10;1x Euro Cup&#10;4x UEFA Champions League&#10;6x Supercopa de España&#10;9x LaLiga&#10;1x Emperor’s Cup&#10;1x J.League Super Cup&#10;1x UEFA European Player of the Year&#10;1x UEFA European Championship Best Player of the Tournament, subscription_name=Subscription name, settings_full_name=Full name, landing_point3_description=Curated learning programs suggested based on level., error_payment_pending_description=We are currently trying to process your transaction.&#10;&#10;It may take up to 20 minutes to confirm the status of your transaction. Please refresh this page or go to your Payment History to see the most recent status for this transaction., empty_completed_alert=When you complete a lesson, you can easily track it here., empty_inactive_subscriptions_description=Past subscriptions that are expired or refunded will appear here., channels.learning-hub.technique=Technique, legal_terms_title=Terms of Use, total=Total, landing_followus_highlight=Follow us, pricing.learning-hub={{learninghub_price}}, payment_modal_redirect_description=You will be redirected to Rakuten Pay to complete your transaction., landing_hero_description=Iniesta’s Methodology Digital offers a variety of football lessons taught by the world-class football player, Andrés Iniesta, and his coaches catered to your learning cadence. &#10;&#10;Join the football journey with us now to improve skills of your choice!, video_lower_quality=Lower quality, purchase_subscription=Purchase plan, title_settings_page=Settings - Iniesta&apos;s Methodology Digital, label_order_failed=Failed, iniesta_tv_long=Iniesta TV, payment_confirm_description=Please confirm the details of your subscription before proceeding to purchase.&#10;You will be redirected to Rakuten Pay to complete your transaction., completed_videos_description=See all of your completed lessons, landing_howtostart_register=Register to Iniesta&apos;s Methodology with Rakuten ID., Delete_Page_url=https://member.id.rakuten.co.jp/profile/account-security/delete, payment_error_header=An error has occurred., label_preview=Preview, label_open_askIniesta=OPEN, channels.learning-hub.strategy-description=Learn both team&apos;s and individual&apos;s method for each play and game scenario., learning_hub_description=Learning Hub offers 2-5 minute point lessons on various football skills. Improve skills of your choice at your own pace and time with Learning Hub., video_count=videos, error_404_header=Sorry, we couldn&apos;t find the page you&apos;re looking for., payment_confirm_header=Confirm order details, payment_retry_transaction=Retry transaction, filter_sort_byalpha=Sort by ascending order, landing_learning_hub_description=2-5 minute point lessons}](1)" classname="RSDA.RSDAAPP.Test.LearningHub" time="0.218">
    <system-out><![CDATA[[TestNGContentHandler] [WARN] It is strongly recommended to add "<!DOCTYPE suite SYSTEM "http://testng.org/testng-1.0.dtd" >" at the top of your file, otherwise TestNG may fail or not work as expected.
]]></system-out>
    <system-err><![CDATA[log4j:WARN No appenders could be found for logger (freemarker.cache).
log4j:WARN Please initialize the log4j system properly.
log4j:WARN See http://logging.apache.org/log4j/1.2/faq.html#noconfig for more info.
]]></system-err>
  </testcase>
  <testcase name="checkSeeMyProgressLink" classname="RSDA.RSDAAPP.Test.LearningHub" time="1.413"/>
  <testcase name="playContinueWatchingvideo[{cancel=Cancel, player_rewind_10=Rewind 10 seconds, empty_completed_description=No completed lessons, no_billing_history=There is no billing history., error_404_description=Please check the URL or start again from the home page., iniesta_tv_short=Iniesta TV, videos=lessons, quote_iniesta_bepassionate_underlined=play and learn., userid=skun799@gmail.com, landing_3points_highlight=3 key points, footer_help=Help Center, password=Saroj@1234, settings_myr_help_text=Your Rakuten ID and password are used to log into Iniesta Methodology. To change your personal information including your e-mail address and password, please log into my Rakuten., error_401_description=Please start again from the home page., empty_payment_history_description=Any payments you make will appear here., payment_continue_learning_hub=Continue to Learning Hub, download_in_progress=Downloading..., payment_success_header=Transaction completed!, label_new=New, paid_video_button=Purchase Learning Hub, notification_error_bookmarking=There was an error while bookmarking this video., title_transaction_policy_page=Transactions Policy - Iniesta&apos;s Methodology Digital, sign_up=Sign up, header_im_home=Iniesta’s Methodology Home, footer_im_digital=Iniesta’s Methodology Digital, player_pause=Pause, completed=Completed, billing_history=Billing history, payment_success_description=Thank you for your purchase. Please check your registered email inbox for confirmation., label_completed=Completed, footer_rakuten_group=Rakuten Group, inactive_subscriptions=Inactive subscriptions, log_out_edit_myr=Sign out and edit on my Rakuten, footer_heading_contact_us=CONTACT US, my_bookmarks=My Bookmarks, landing_see_sample_video=See Sample Video, player_forward_10=Forward 10 seconds, error_region_block_description=We are hoping to bring our service to you soon!&#10;&#10;For the time being, check out our exclusive Andrés Iniesta content on the Rakuten Global Sports Platform., sign_in_rid=Sign in with Rakuten ID, empty_bookmark_description=No bookmarked lessons, footer_privacy_policy=Privacy Policy, continue_to_purchase=Continue to purchase, my_progress_long=My Progress, landing_coaches_header=Coaches, title_iniestatv_page=Iniesta TV - Iniesta&apos;s Methodology Digital, Edit_page_url=https://my.rakuten.co.jp/, legal_privacy_title=Privacy Policy, coach_juanky_title=Former Coach and Director, landing_howtostart_header=How to, learning_hub_long=Learning Hub, payment_failed_header=Your transaction could not be processed., try_again=Try again, help_center_long=Help Center, label_order_paid=Paid, coach_quim_title=Coach and Director, payment_server_not_loading_description=The server is temporarily unable to load.&#10;Please try again in a few moments., label_subscription_active=Active, empty_payment_history_header=You have no payment history., footer_about_rakuten=About Rakuten, landing_howtostart_explore=Explore various categories on Learning Hub., settings_personal_info_modal_content=You will be logged out of Iniesta Methodology and taken to my Rakuten to edit your personal information., channels.learning-hub.physical=Physical, lessons_watched=Lessons completed, empty_bookmark_alert=When you bookmark a lesson, you can easily track it here., error_500_description=Please try again in a few seconds., landing_learning_hub_plan_duration=1 year subscription, landing_app_description=Improve your football skills on the go on your own device wherever you are.&#10;&#10;*Purchase Learning Hub for full access., label_premium=PREMIUM, landing_section_price=Price, decorative_or=OR, title_order_confrmation=Purchase confirmation - Iniesta&apos;s Methodology Digital, footer_heading_about=ABOUT, label_in_progress=Started, landing_poweredby_rid=Iniesta&apos;s Methodology Digital is powered by Rakuten ID.&#10;You will be redirected to a separate page to sign up., landing_register_cta=Start the Journey Now, explore_learninghub=Watch the Video Samples, landing_pricing_header=Pricing, coach_quim=Quim Ramón, video_quality_default=(Default), label_subscription_refunded=Refunded, add_to_bookmark=Added to My Bookmarks, button.back-to-previous-page=Back to previous page, landing_readycta_highlight=start the journey?, sign_in=Sign in, landing_section_features=Features, video_menu_subtitles=Subtitles, view_all_lessons=View all lessons, coach_iniesta_description=Founder of Iniesta’s Methodology and captain of Vissel Kobe team. He is a global star who contributed to the 2010 FIFA World Cup victory for the Spanish national team and has won the LaLiga title 9 times and the UEFA Champions League 4 times with FC Barcelona., coach_ivan_description=Coach and assistant director of Iniesta’s Methodology, Iván, has experience as a physical trainer, coach, and youth team coordinator in Spain. He is one of the coaches that Iniesta trusts, and is eager to spread the joy of football through Iniesta’s Methodology., quote_iniesta_bepassionate_end=while you, filter_sort_bypopularity=Sort by most popular, channels.learning-hub.mental=Mental, my_progress=See my progress, paywall_header=Sorry, this video is not available with your current plan., landing_howtostart_header_highlight=Start the Journey, label_order_pending=Pending, channels.learning-hub.technique-description=Learn various football skills from the basics to advanced including shooting, passing, dribbling, and more., settings_personal_info_modal_header=Edit personal information, pricing_annual_suffix=/year, error_generic_description=Please start again from the home page., notification_remove_from_bookmark=Removed from My Bookmarks, firstname=Mobile, footer_faq=FAQ, landing_readycta_start=Ready to, edit_my_rakuten=Edit on my Rakuten, empty_inactive_subscriptions_header=You have no inactive subscriptions., landing_point2_description=Various football topics catered for all positions., settings_personal_info=Personal information, order_number=Order number, description=Details, go_to_learninghub=Go to Learning Hub page, error_payment_nopermission_description=You don’t have permission to access this order page, or this order page URL has expired. Please go back to the home page and try again., coach_ivan=Iván Cascales, title_landing_page=Iniesta&apos;s Methodology Digital, footer_contact_us=Contact us, title_faq_page=FAQ - Iniesta&apos;s Methodology Digital, channels.learning-hub.mental-description=Learn how to train and manage your mental game for any game environment and play., my_progress_short=Progress, title_pricing_page=Pricing - Iniesta&apos;s Methodology Digital, landing_hero_header_middle=from a , menu.language.english=English, billing_information=Billing information, overview=Overview, settings_long=Settings, player_play=Play, coach_iniesta=Andrés Iniesta, landing_3points_end=of Iniesta&apos;s Methodology Digital?, landing_learning_hub_point2=Learn from experts on football and other sports-related disciplines, payment_error_description=We have run into an error while processing your transaction. Please try again in a few minutes., landing_learning_hub_point1=Get access to a growing library of premium lessons by Iniesta and coaches, landing_learning_hub_point4=Free access to selected episodes from the Iniesta TV series, label_subscription_expired=Expired, landing_learning_hub_point3=Growing library of lessons over time, purchase=Purchase, home=Home, button.go-to-rakuten-sports=Go to Rakuten Sports, meta_description_landing_page=Join the football journey with Andrés Iniesta and his coaches and improve your skills at your own convenience!, landing_point2_header=Variety, filter_sort_bymost=Sort by most recent, active_subscriptions=Active subscriptions, footer_contact=Contact, video_medium_quality=Medium quality, coach_juanky=Juan Carlos Calero, quote_iniesta_bepassionate_highlighted=passionate, excited, and have fun, landing_updates_header=Bulletin Board, tooltip_order_pending=Your transaction is being processed. This may take up to 20 minutes.&#10;You won’t be charged until your order has been processed successfully., username=rsda, video_highest_quality=Highest quality, Terms_page_url=https://stg-iniesta.ra-sports.net/terms?source=mobile, empty_active_subscriptions_description=You can purchase a subscription to access premium content in Learning Hub., error_region_block_header=We apologize for the inconvenience, but Iniesta’s Methodology Digital is currently not available in your region., sign_in_sign_up=Sign in/Sign up, quote_iniesta_bepassionate_start=Be, landing_3points_start=What are the, video_menu_off=Off, coming_soon=Coming soon, player_unmute=Unmute, footer_transactions_policy=Transactions Policy, pricing_tax_in=Tax included, service_period=Service period, landing_coach_video_button=Watch Coach&apos;s Greetings, help_center_short=Help, landing_see_more=See more, price=Price, remove_from_bookmarks=Removed from My Bookmarks, subscription_status=Subscription status, footer_heading_im=INIESTA&apos;S METHODOLOGY, label_open=Open, legal.privacy.date-updated=Last Updated Date: April 1, 2022, error_500_header=The server is temporarily unable to load., error_401_header=Not authorized for access, landing_section_coaches=Coaches, my_progress_alert_newlessons=Check out the newly added lessons below!, payment_retry_description=Please retry your transaction or choose a new payment method., title_myprogress_page=My Progress - Iniesta&apos;s Methodology Digital, lastname=Testing, landing_purchase_now=Purchase now, video_menu_quality=Video quality, footer_pricing=Pricing, footer_help_contact=Help / Contact, rakuten_id=Rakuten ID, purchase_date=Purchased on, landing_hero_header_end=legend., footer_sustainability=Sustainability, payment_thankyou_header=Thank you for choosing Iniesta&apos;s Methodology!, landing_app_header=Download the official app!, back_to_top=Back to top, notification_add_to_bookmark=Added to My Bookmarks, player_exit_full_screen=Exit full screen, filter_sort_byleast=Sort by least recent, video_high_quality=High quality, footer_terms_of_service=Terms of Use, coach_iniesta_title=Founder of Iniesta&apos;s Methodology, coach_ivan_title=Coach and Assistant Director, title_privacy_page=Privacy Policy - Iniesta&apos;s Methodology Digital, landing_section_about=About, channels.learning-hub.strategy=Strategy, landing_howtostart_plan=Plan out your journey to improve the football skills you wish to work on., billing_sub_details={{plan_name}} - Purchase Date {{purchasedate}}, continue_watching=Continue learning, coach_juanky_description=Technical director Juan Carlos has been coaching and guiding Andrés to grow into the star player he is today for over 28 years. He holds the UEFA-PRO, the top license in Europe. When Iniesta decided to start his football school in Japan, he asked Juan to move to Japan and lead the school with him., download_button=Download, payment_history=Payment history, Privacy_page_url=https://stg-iniesta.ra-sports.net/privacy?source=mobile, continue_watching_description=Continue learning where you left off!, mark_as_watched=Mark as watched, learning_hub_short=Learn, label_free=FREE, button.go-to-payment-history=Go to Payment History, date=Date, channels.learning-hub.physical-description=Learn from Iniesta on how to train your body,prepare before a game,and manage a healthy diet., player_mute=Mute, see_all_updates=See all updates, notification_error_unbookmarking=There was an error while unbookmarking this video., title_learninghub_page=Learning Hub - Iniesta&apos;s Methodology Digital, bookmark_description=See all your saved videos, footer_apps_overview=Apps overview, coach_quim_description=Coach and director of Iniesta’s Methodology, Quim, has coached various youth teams including FC Barcelona for over 20 years. Fully trusted by Iniesta, Quim was the main coordinator and director of Iniesta&apos;s Methodology Campus in Summer 2021 upon Iniesta&apos;s request., ask_iniesta_long=Ask Iniesta, channels.learning-hub.bonus-description=Videos featuring Iniesta to be produced and available for streaming.Stay tuned., channels.learning-hub.bonus=Bonus, title_terms_page=Terms of Use - Iniesta&apos;s Methodology Digital, footer_copyright=© 2022 - 2023, Rakuten Group, Inc., payment_method=Payment method, player_full_screen=Full screen, landing_followus_end=on our channels!, landing_howtostart_enjoy=Enjoy your learnings!, footer_iniesta_methodology_school=Iniesta&apos;s Methodology School, paywall_description=Enable the lesson by purchasing a subscription for Learning Hub!, back_to_home=Back to home, empty_active_subscriptions_header=You have no active subscriptions., account_settings=Account settings, landing_hero_header_start=Learn football, log_out=Sign out, landing_point1_header=Convenience, landing_point3_header=Curated Programs, payment_modal_redirect_header=Please wait..., tooltip_order_failed=We couldn’t process your transaction. If any amount was deducted from your account, it will be refunded within 5-7 business days., completed_videos=Completed lessons, Contact_page_url=https://help.iniestamethodology-digital.com/hc/en-us/requests/new, error_generic_header=Sorry, there was an unknown error., landing_section_contact=Contact, landing_point1_description=Available on any device, at anytime, and anywhere., coach_iniesta_awards=1x FIFA World Cup&#10;1x Euro Cup&#10;4x UEFA Champions League&#10;6x Supercopa de España&#10;9x LaLiga&#10;1x Emperor’s Cup&#10;1x J.League Super Cup&#10;1x UEFA European Player of the Year&#10;1x UEFA European Championship Best Player of the Tournament, subscription_name=Subscription name, settings_full_name=Full name, landing_point3_description=Curated learning programs suggested based on level., error_payment_pending_description=We are currently trying to process your transaction.&#10;&#10;It may take up to 20 minutes to confirm the status of your transaction. Please refresh this page or go to your Payment History to see the most recent status for this transaction., empty_completed_alert=When you complete a lesson, you can easily track it here., empty_inactive_subscriptions_description=Past subscriptions that are expired or refunded will appear here., channels.learning-hub.technique=Technique, legal_terms_title=Terms of Use, total=Total, landing_followus_highlight=Follow us, pricing.learning-hub={{learninghub_price}}, payment_modal_redirect_description=You will be redirected to Rakuten Pay to complete your transaction., landing_hero_description=Iniesta’s Methodology Digital offers a variety of football lessons taught by the world-class football player, Andrés Iniesta, and his coaches catered to your learning cadence. &#10;&#10;Join the football journey with us now to improve skills of your choice!, video_lower_quality=Lower quality, purchase_subscription=Purchase plan, title_settings_page=Settings - Iniesta&apos;s Methodology Digital, label_order_failed=Failed, iniesta_tv_long=Iniesta TV, payment_confirm_description=Please confirm the details of your subscription before proceeding to purchase.&#10;You will be redirected to Rakuten Pay to complete your transaction., completed_videos_description=See all of your completed lessons, landing_howtostart_register=Register to Iniesta&apos;s Methodology with Rakuten ID., Delete_Page_url=https://member.id.rakuten.co.jp/profile/account-security/delete, payment_error_header=An error has occurred., label_preview=Preview, label_open_askIniesta=OPEN, channels.learning-hub.strategy-description=Learn both team&apos;s and individual&apos;s method for each play and game scenario., learning_hub_description=Learning Hub offers 2-5 minute point lessons on various football skills. Improve skills of your choice at your own pace and time with Learning Hub., video_count=videos, error_404_header=Sorry, we couldn&apos;t find the page you&apos;re looking for., payment_confirm_header=Confirm order details, payment_retry_transaction=Retry transaction, filter_sort_byalpha=Sort by ascending order, landing_learning_hub_description=2-5 minute point lessons}](1)" classname="RSDA.RSDAAPP.Test.LearningHub" time="26.568">
    <failure message="no such element: Unable to locate element: {&quot;method&quot;:&quot;xpath&quot;,&quot;selector&quot;:&quot;//div[@class=&quot;vjs-current-time vjs-time-control vjs-control&quot;]&quot;}&#10;  (Session info: chrome=107.0.5304.91)&#10;For documentation on this error, please visit: https://selenium.dev/exceptions/#no_such_element&#10;Build info: version: &apos;4.1.4&apos;, revision: &apos;535d840ee2&apos;&#10;System info: host: &apos;RINMAC2974&apos;, ip: &apos;fe80:0:0:0:1437:56fe:777f:66ae%en0&apos;, os.name: &apos;Mac OS X&apos;, os.arch: &apos;x86_64&apos;, os.version: &apos;12.2.1&apos;, java.version: &apos;18.0.1.1&apos;&#10;Driver info: io.appium.java_client.android.AndroidDriver&#10;Command: [7fca6911-5235-4272-903f-c3a085e7033a, findElement {using=xpath, value=//div[@class=&quot;vjs-current-time vjs-time-control vjs-control&quot;]}]&#10;Capabilities {appium:appActivity: com.google.android.apps.chr..., appium:appPackage: com.android.chrome, appium:automationName: UIAutomator2, appium:chromedriverExecutable: /Users/saroj.kumar/Desktop/..., appium:databaseEnabled: false, appium:desired: {automationName: UIAutomator2, browserName: Chrome, chromedriverExecutable: /Users/saroj.kumar/Desktop/..., noReset: true, platformName: android, udid: 321014504727}, appium:deviceApiLevel: 29, appium:deviceManufacturer: ZTE, appium:deviceModel: ZR01, appium:deviceName: 321014504727, appium:deviceScreenDensity: 480, appium:deviceScreenSize: 1080x2460, appium:deviceUDID: 321014504727, appium:javascriptEnabled: true, appium:locationContextEnabled: false, appium:networkConnectionEnabled: true, appium:noReset: true, appium:pixelRatio: 3, appium:platformVersion: 10, appium:statBarHeight: 99, appium:takesScreenshot: true, appium:udid: 321014504727, appium:viewportRect: {height: 2142, left: 0, top: 99, width: 1080}, appium:warnings: {}, appium:webStorageEnabled: false, browserName: Chrome, platformName: android}&#10;Session ID: 7fca6911-5235-4272-903f-c3a085e7033a" type="org.openqa.selenium.NoSuchElementException"><![CDATA[org.openqa.selenium.NoSuchElementException: 
no such element: Unable to locate element: {"method":"xpath","selector":"//div[@class="vjs-current-time vjs-time-control vjs-control"]"}
  (Session info: chrome=107.0.5304.91)
For documentation on this error, please visit: https://selenium.dev/exceptions/#no_such_element
Build info: version: '4.1.4', revision: '535d840ee2'
System info: host: 'RINMAC2974', ip: 'fe80:0:0:0:1437:56fe:777f:66ae%en0', os.name: 'Mac OS X', os.arch: 'x86_64', os.version: '12.2.1', java.version: '18.0.1.1'
Driver info: io.appium.java_client.android.AndroidDriver
Command: [7fca6911-5235-4272-903f-c3a085e7033a, findElement {using=xpath, value=//div[@class="vjs-current-time vjs-time-control vjs-control"]}]
Capabilities {appium:appActivity: com.google.android.apps.chr..., appium:appPackage: com.android.chrome, appium:automationName: UIAutomator2, appium:chromedriverExecutable: /Users/saroj.kumar/Desktop/..., appium:databaseEnabled: false, appium:desired: {automationName: UIAutomator2, browserName: Chrome, chromedriverExecutable: /Users/saroj.kumar/Desktop/..., noReset: true, platformName: android, udid: 321014504727}, appium:deviceApiLevel: 29, appium:deviceManufacturer: ZTE, appium:deviceModel: ZR01, appium:deviceName: 321014504727, appium:deviceScreenDensity: 480, appium:deviceScreenSize: 1080x2460, appium:deviceUDID: 321014504727, appium:javascriptEnabled: true, appium:locationContextEnabled: false, appium:networkConnectionEnabled: true, appium:noReset: true, appium:pixelRatio: 3, appium:platformVersion: 10, appium:statBarHeight: 99, appium:takesScreenshot: true, appium:udid: 321014504727, appium:viewportRect: {height: 2142, left: 0, top: 99, width: 1080}, appium:warnings: {}, appium:webStorageEnabled: false, browserName: Chrome, platformName: android}
Session ID: 7fca6911-5235-4272-903f-c3a085e7033a
	at java.base/jdk.internal.reflect.DirectConstructorHandleAccessor.newInstance(DirectConstructorHandleAccessor.java:67)
	at java.base/java.lang.reflect.Constructor.newInstanceWithCaller(Constructor.java:499)
	at java.base/java.lang.reflect.Constructor.newInstance(Constructor.java:483)
	at org.openqa.selenium.remote.codec.w3c.W3CHttpResponseCodec.createException(W3CHttpResponseCodec.java:200)
	at org.openqa.selenium.remote.codec.w3c.W3CHttpResponseCodec.decode(W3CHttpResponseCodec.java:133)
	at org.openqa.selenium.remote.codec.w3c.W3CHttpResponseCodec.decode(W3CHttpResponseCodec.java:53)
	at org.openqa.selenium.remote.HttpCommandExecutor.execute(HttpCommandExecutor.java:184)
	at io.appium.java_client.remote.AppiumCommandExecutor.execute(AppiumCommandExecutor.java:180)
	at org.openqa.selenium.remote.RemoteWebDriver.execute(RemoteWebDriver.java:567)
	at org.openqa.selenium.remote.ElementLocation$ElementFinder$2.findElement(ElementLocation.java:162)
	at org.openqa.selenium.remote.ElementLocation.findElement(ElementLocation.java:60)
	at org.openqa.selenium.remote.RemoteWebDriver.findElement(RemoteWebDriver.java:385)
	at org.openqa.selenium.remote.RemoteWebDriver.findElement(RemoteWebDriver.java:377)
	at RSDA.RSDAAPP.Utility.AndroidAction.getVideoTime(AndroidAction.java:91)
	at RSDA.RSDAAPP.Test.LearningHub.playContinueWatchingvideo(LearningHub.java:68)
	at java.base/jdk.internal.reflect.DirectMethodHandleAccessor.invoke(DirectMethodHandleAccessor.java:104)
	at java.base/java.lang.reflect.Method.invoke(Method.java:577)
	at org.testng.internal.MethodInvocationHelper.invokeMethod(MethodInvocationHelper.java:124)
	at org.testng.internal.Invoker.invokeMethod(Invoker.java:583)
	at org.testng.internal.Invoker.invokeTestMethod(Invoker.java:719)
	at org.testng.internal.Invoker.invokeTestMethods(Invoker.java:989)
	at org.testng.internal.TestMethodWorker.invokeTestMethods(TestMethodWorker.java:125)
	at org.testng.internal.TestMethodWorker.run(TestMethodWorker.java:109)
	at org.testng.TestRunner.privateRun(TestRunner.java:648)
	at org.testng.TestRunner.run(TestRunner.java:505)
	at org.testng.SuiteRunner.runTest(SuiteRunner.java:455)
	at org.testng.SuiteRunner.runSequentially(SuiteRunner.java:450)
	at org.testng.SuiteRunner.privateRun(SuiteRunner.java:415)
	at org.testng.SuiteRunner.run(SuiteRunner.java:364)
	at org.testng.SuiteRunnerWorker.runSuite(SuiteRunnerWorker.java:52)
	at org.testng.SuiteRunnerWorker.run(SuiteRunnerWorker.java:84)
	at org.testng.TestNG.runSuitesSequentially(TestNG.java:1208)
	at org.testng.TestNG.runSuitesLocally(TestNG.java:1137)
	at org.testng.TestNG.runSuites(TestNG.java:1049)
	at org.testng.TestNG.run(TestNG.java:1017)
	at org.apache.maven.surefire.testng.TestNGExecutor.run(TestNGExecutor.java:324)
	at org.apache.maven.surefire.testng.TestNGXmlTestSuite.execute(TestNGXmlTestSuite.java:74)
	at org.apache.maven.surefire.testng.TestNGProvider.invoke(TestNGProvider.java:123)
	at org.apache.maven.surefire.booter.ForkedBooter.runSuitesInProcess(ForkedBooter.java:456)
	at org.apache.maven.surefire.booter.ForkedBooter.execute(ForkedBooter.java:169)
	at org.apache.maven.surefire.booter.ForkedBooter.run(ForkedBooter.java:595)
	at org.apache.maven.surefire.booter.ForkedBooter.main(ForkedBooter.java:581)
]]></failure>
  </testcase>
  <testcase name="playPremiumVideo" classname="RSDA.RSDAAPP.Test.LearningHub" time="25.942">
    <failure message="no such element: Unable to locate element: {&quot;method&quot;:&quot;xpath&quot;,&quot;selector&quot;:&quot;//div[@class=&quot;vjs-current-time vjs-time-control vjs-control&quot;]&quot;}&#10;  (Session info: chrome=107.0.5304.91)&#10;For documentation on this error, please visit: https://selenium.dev/exceptions/#no_such_element&#10;Build info: version: &apos;4.1.4&apos;, revision: &apos;535d840ee2&apos;&#10;System info: host: &apos;RINMAC2974&apos;, ip: &apos;fe80:0:0:0:1437:56fe:777f:66ae%en0&apos;, os.name: &apos;Mac OS X&apos;, os.arch: &apos;x86_64&apos;, os.version: &apos;12.2.1&apos;, java.version: &apos;18.0.1.1&apos;&#10;Driver info: io.appium.java_client.android.AndroidDriver&#10;Command: [7fca6911-5235-4272-903f-c3a085e7033a, findElement {using=xpath, value=//div[@class=&quot;vjs-current-time vjs-time-control vjs-control&quot;]}]&#10;Capabilities {appium:appActivity: com.google.android.apps.chr..., appium:appPackage: com.android.chrome, appium:automationName: UIAutomator2, appium:chromedriverExecutable: /Users/saroj.kumar/Desktop/..., appium:databaseEnabled: false, appium:desired: {automationName: UIAutomator2, browserName: Chrome, chromedriverExecutable: /Users/saroj.kumar/Desktop/..., noReset: true, platformName: android, udid: 321014504727}, appium:deviceApiLevel: 29, appium:deviceManufacturer: ZTE, appium:deviceModel: ZR01, appium:deviceName: 321014504727, appium:deviceScreenDensity: 480, appium:deviceScreenSize: 1080x2460, appium:deviceUDID: 321014504727, appium:javascriptEnabled: true, appium:locationContextEnabled: false, appium:networkConnectionEnabled: true, appium:noReset: true, appium:pixelRatio: 3, appium:platformVersion: 10, appium:statBarHeight: 99, appium:takesScreenshot: true, appium:udid: 321014504727, appium:viewportRect: {height: 2142, left: 0, top: 99, width: 1080}, appium:warnings: {}, appium:webStorageEnabled: false, browserName: Chrome, platformName: android}&#10;Session ID: 7fca6911-5235-4272-903f-c3a085e7033a" type="org.openqa.selenium.NoSuchElementException"><![CDATA[org.openqa.selenium.NoSuchElementException: 
no such element: Unable to locate element: {"method":"xpath","selector":"//div[@class="vjs-current-time vjs-time-control vjs-control"]"}
  (Session info: chrome=107.0.5304.91)
For documentation on this error, please visit: https://selenium.dev/exceptions/#no_such_element
Build info: version: '4.1.4', revision: '535d840ee2'
System info: host: 'RINMAC2974', ip: 'fe80:0:0:0:1437:56fe:777f:66ae%en0', os.name: 'Mac OS X', os.arch: 'x86_64', os.version: '12.2.1', java.version: '18.0.1.1'
Driver info: io.appium.java_client.android.AndroidDriver
Command: [7fca6911-5235-4272-903f-c3a085e7033a, findElement {using=xpath, value=//div[@class="vjs-current-time vjs-time-control vjs-control"]}]
Capabilities {appium:appActivity: com.google.android.apps.chr..., appium:appPackage: com.android.chrome, appium:automationName: UIAutomator2, appium:chromedriverExecutable: /Users/saroj.kumar/Desktop/..., appium:databaseEnabled: false, appium:desired: {automationName: UIAutomator2, browserName: Chrome, chromedriverExecutable: /Users/saroj.kumar/Desktop/..., noReset: true, platformName: android, udid: 321014504727}, appium:deviceApiLevel: 29, appium:deviceManufacturer: ZTE, appium:deviceModel: ZR01, appium:deviceName: 321014504727, appium:deviceScreenDensity: 480, appium:deviceScreenSize: 1080x2460, appium:deviceUDID: 321014504727, appium:javascriptEnabled: true, appium:locationContextEnabled: false, appium:networkConnectionEnabled: true, appium:noReset: true, appium:pixelRatio: 3, appium:platformVersion: 10, appium:statBarHeight: 99, appium:takesScreenshot: true, appium:udid: 321014504727, appium:viewportRect: {height: 2142, left: 0, top: 99, width: 1080}, appium:warnings: {}, appium:webStorageEnabled: false, browserName: Chrome, platformName: android}
Session ID: 7fca6911-5235-4272-903f-c3a085e7033a
	at java.base/jdk.internal.reflect.DirectConstructorHandleAccessor.newInstance(DirectConstructorHandleAccessor.java:67)
	at java.base/java.lang.reflect.Constructor.newInstanceWithCaller(Constructor.java:499)
	at java.base/java.lang.reflect.Constructor.newInstance(Constructor.java:483)
	at org.openqa.selenium.remote.codec.w3c.W3CHttpResponseCodec.createException(W3CHttpResponseCodec.java:200)
	at org.openqa.selenium.remote.codec.w3c.W3CHttpResponseCodec.decode(W3CHttpResponseCodec.java:133)
	at org.openqa.selenium.remote.codec.w3c.W3CHttpResponseCodec.decode(W3CHttpResponseCodec.java:53)
	at org.openqa.selenium.remote.HttpCommandExecutor.execute(HttpCommandExecutor.java:184)
	at io.appium.java_client.remote.AppiumCommandExecutor.execute(AppiumCommandExecutor.java:180)
	at org.openqa.selenium.remote.RemoteWebDriver.execute(RemoteWebDriver.java:567)
	at org.openqa.selenium.remote.ElementLocation$ElementFinder$2.findElement(ElementLocation.java:162)
	at org.openqa.selenium.remote.ElementLocation.findElement(ElementLocation.java:60)
	at org.openqa.selenium.remote.RemoteWebDriver.findElement(RemoteWebDriver.java:385)
	at org.openqa.selenium.remote.RemoteWebDriver.findElement(RemoteWebDriver.java:377)
	at RSDA.RSDAAPP.Utility.AndroidAction.getVideoTime(AndroidAction.java:91)
	at RSDA.RSDAAPP.Test.LearningHub.playPremiumVideo(LearningHub.java:84)
	at java.base/jdk.internal.reflect.DirectMethodHandleAccessor.invoke(DirectMethodHandleAccessor.java:104)
	at java.base/java.lang.reflect.Method.invoke(Method.java:577)
	at org.testng.internal.MethodInvocationHelper.invokeMethod(MethodInvocationHelper.java:124)
	at org.testng.internal.Invoker.invokeMethod(Invoker.java:583)
	at org.testng.internal.Invoker.invokeTestMethod(Invoker.java:719)
	at org.testng.internal.Invoker.invokeTestMethods(Invoker.java:989)
	at org.testng.internal.TestMethodWorker.invokeTestMethods(TestMethodWorker.java:125)
	at org.testng.internal.TestMethodWorker.run(TestMethodWorker.java:109)
	at org.testng.TestRunner.privateRun(TestRunner.java:648)
	at org.testng.TestRunner.run(TestRunner.java:505)
	at org.testng.SuiteRunner.runTest(SuiteRunner.java:455)
	at org.testng.SuiteRunner.runSequentially(SuiteRunner.java:450)
	at org.testng.SuiteRunner.privateRun(SuiteRunner.java:415)
	at org.testng.SuiteRunner.run(SuiteRunner.java:364)
	at org.testng.SuiteRunnerWorker.runSuite(SuiteRunnerWorker.java:52)
	at org.testng.SuiteRunnerWorker.run(SuiteRunnerWorker.java:84)
	at org.testng.TestNG.runSuitesSequentially(TestNG.java:1208)
	at org.testng.TestNG.runSuitesLocally(TestNG.java:1137)
	at org.testng.TestNG.runSuites(TestNG.java:1049)
	at org.testng.TestNG.run(TestNG.java:1017)
	at org.apache.maven.surefire.testng.TestNGExecutor.run(TestNGExecutor.java:324)
	at org.apache.maven.surefire.testng.TestNGXmlTestSuite.execute(TestNGXmlTestSuite.java:74)
	at org.apache.maven.surefire.testng.TestNGProvider.invoke(TestNGProvider.java:123)
	at org.apache.maven.surefire.booter.ForkedBooter.runSuitesInProcess(ForkedBooter.java:456)
	at org.apache.maven.surefire.booter.ForkedBooter.execute(ForkedBooter.java:169)
	at org.apache.maven.surefire.booter.ForkedBooter.run(ForkedBooter.java:595)
	at org.apache.maven.surefire.booter.ForkedBooter.main(ForkedBooter.java:581)
]]></failure>
  </testcase>
  <testcase name="checkDescription[{cancel=Cancel, player_rewind_10=Rewind 10 seconds, empty_completed_description=No completed lessons, no_billing_history=There is no billing history., error_404_description=Please check the URL or start again from the home page., iniesta_tv_short=Iniesta TV, videos=lessons, quote_iniesta_bepassionate_underlined=play and learn., userid=skun799@gmail.com, landing_3points_highlight=3 key points, footer_help=Help Center, password=Saroj@1234, settings_myr_help_text=Your Rakuten ID and password are used to log into Iniesta Methodology. To change your personal information including your e-mail address and password, please log into my Rakuten., error_401_description=Please start again from the home page., empty_payment_history_description=Any payments you make will appear here., payment_continue_learning_hub=Continue to Learning Hub, download_in_progress=Downloading..., payment_success_header=Transaction completed!, label_new=New, paid_video_button=Purchase Learning Hub, notification_error_bookmarking=There was an error while bookmarking this video., title_transaction_policy_page=Transactions Policy - Iniesta&apos;s Methodology Digital, sign_up=Sign up, header_im_home=Iniesta’s Methodology Home, footer_im_digital=Iniesta’s Methodology Digital, player_pause=Pause, completed=Completed, billing_history=Billing history, payment_success_description=Thank you for your purchase. Please check your registered email inbox for confirmation., label_completed=Completed, footer_rakuten_group=Rakuten Group, inactive_subscriptions=Inactive subscriptions, log_out_edit_myr=Sign out and edit on my Rakuten, footer_heading_contact_us=CONTACT US, my_bookmarks=My Bookmarks, landing_see_sample_video=See Sample Video, player_forward_10=Forward 10 seconds, error_region_block_description=We are hoping to bring our service to you soon!&#10;&#10;For the time being, check out our exclusive Andrés Iniesta content on the Rakuten Global Sports Platform., sign_in_rid=Sign in with Rakuten ID, empty_bookmark_description=No bookmarked lessons, footer_privacy_policy=Privacy Policy, continue_to_purchase=Continue to purchase, my_progress_long=My Progress, landing_coaches_header=Coaches, title_iniestatv_page=Iniesta TV - Iniesta&apos;s Methodology Digital, Edit_page_url=https://my.rakuten.co.jp/, legal_privacy_title=Privacy Policy, coach_juanky_title=Former Coach and Director, landing_howtostart_header=How to, learning_hub_long=Learning Hub, payment_failed_header=Your transaction could not be processed., try_again=Try again, help_center_long=Help Center, label_order_paid=Paid, coach_quim_title=Coach and Director, payment_server_not_loading_description=The server is temporarily unable to load.&#10;Please try again in a few moments., label_subscription_active=Active, empty_payment_history_header=You have no payment history., footer_about_rakuten=About Rakuten, landing_howtostart_explore=Explore various categories on Learning Hub., settings_personal_info_modal_content=You will be logged out of Iniesta Methodology and taken to my Rakuten to edit your personal information., channels.learning-hub.physical=Physical, lessons_watched=Lessons completed, empty_bookmark_alert=When you bookmark a lesson, you can easily track it here., error_500_description=Please try again in a few seconds., landing_learning_hub_plan_duration=1 year subscription, landing_app_description=Improve your football skills on the go on your own device wherever you are.&#10;&#10;*Purchase Learning Hub for full access., label_premium=PREMIUM, landing_section_price=Price, decorative_or=OR, title_order_confrmation=Purchase confirmation - Iniesta&apos;s Methodology Digital, footer_heading_about=ABOUT, label_in_progress=Started, landing_poweredby_rid=Iniesta&apos;s Methodology Digital is powered by Rakuten ID.&#10;You will be redirected to a separate page to sign up., landing_register_cta=Start the Journey Now, explore_learninghub=Watch the Video Samples, landing_pricing_header=Pricing, coach_quim=Quim Ramón, video_quality_default=(Default), label_subscription_refunded=Refunded, add_to_bookmark=Added to My Bookmarks, button.back-to-previous-page=Back to previous page, landing_readycta_highlight=start the journey?, sign_in=Sign in, landing_section_features=Features, video_menu_subtitles=Subtitles, view_all_lessons=View all lessons, coach_iniesta_description=Founder of Iniesta’s Methodology and captain of Vissel Kobe team. He is a global star who contributed to the 2010 FIFA World Cup victory for the Spanish national team and has won the LaLiga title 9 times and the UEFA Champions League 4 times with FC Barcelona., coach_ivan_description=Coach and assistant director of Iniesta’s Methodology, Iván, has experience as a physical trainer, coach, and youth team coordinator in Spain. He is one of the coaches that Iniesta trusts, and is eager to spread the joy of football through Iniesta’s Methodology., quote_iniesta_bepassionate_end=while you, filter_sort_bypopularity=Sort by most popular, channels.learning-hub.mental=Mental, my_progress=See my progress, paywall_header=Sorry, this video is not available with your current plan., landing_howtostart_header_highlight=Start the Journey, label_order_pending=Pending, channels.learning-hub.technique-description=Learn various football skills from the basics to advanced including shooting, passing, dribbling, and more., settings_personal_info_modal_header=Edit personal information, pricing_annual_suffix=/year, error_generic_description=Please start again from the home page., notification_remove_from_bookmark=Removed from My Bookmarks, firstname=Mobile, footer_faq=FAQ, landing_readycta_start=Ready to, edit_my_rakuten=Edit on my Rakuten, empty_inactive_subscriptions_header=You have no inactive subscriptions., landing_point2_description=Various football topics catered for all positions., settings_personal_info=Personal information, order_number=Order number, description=Details, go_to_learninghub=Go to Learning Hub page, error_payment_nopermission_description=You don’t have permission to access this order page, or this order page URL has expired. Please go back to the home page and try again., coach_ivan=Iván Cascales, title_landing_page=Iniesta&apos;s Methodology Digital, footer_contact_us=Contact us, title_faq_page=FAQ - Iniesta&apos;s Methodology Digital, channels.learning-hub.mental-description=Learn how to train and manage your mental game for any game environment and play., my_progress_short=Progress, title_pricing_page=Pricing - Iniesta&apos;s Methodology Digital, landing_hero_header_middle=from a , menu.language.english=English, billing_information=Billing information, overview=Overview, settings_long=Settings, player_play=Play, coach_iniesta=Andrés Iniesta, landing_3points_end=of Iniesta&apos;s Methodology Digital?, landing_learning_hub_point2=Learn from experts on football and other sports-related disciplines, payment_error_description=We have run into an error while processing your transaction. Please try again in a few minutes., landing_learning_hub_point1=Get access to a growing library of premium lessons by Iniesta and coaches, landing_learning_hub_point4=Free access to selected episodes from the Iniesta TV series, label_subscription_expired=Expired, landing_learning_hub_point3=Growing library of lessons over time, purchase=Purchase, home=Home, button.go-to-rakuten-sports=Go to Rakuten Sports, meta_description_landing_page=Join the football journey with Andrés Iniesta and his coaches and improve your skills at your own convenience!, landing_point2_header=Variety, filter_sort_bymost=Sort by most recent, active_subscriptions=Active subscriptions, footer_contact=Contact, video_medium_quality=Medium quality, coach_juanky=Juan Carlos Calero, quote_iniesta_bepassionate_highlighted=passionate, excited, and have fun, landing_updates_header=Bulletin Board, tooltip_order_pending=Your transaction is being processed. This may take up to 20 minutes.&#10;You won’t be charged until your order has been processed successfully., username=rsda, video_highest_quality=Highest quality, Terms_page_url=https://stg-iniesta.ra-sports.net/terms?source=mobile, empty_active_subscriptions_description=You can purchase a subscription to access premium content in Learning Hub., error_region_block_header=We apologize for the inconvenience, but Iniesta’s Methodology Digital is currently not available in your region., sign_in_sign_up=Sign in/Sign up, quote_iniesta_bepassionate_start=Be, landing_3points_start=What are the, video_menu_off=Off, coming_soon=Coming soon, player_unmute=Unmute, footer_transactions_policy=Transactions Policy, pricing_tax_in=Tax included, service_period=Service period, landing_coach_video_button=Watch Coach&apos;s Greetings, help_center_short=Help, landing_see_more=See more, price=Price, remove_from_bookmarks=Removed from My Bookmarks, subscription_status=Subscription status, footer_heading_im=INIESTA&apos;S METHODOLOGY, label_open=Open, legal.privacy.date-updated=Last Updated Date: April 1, 2022, error_500_header=The server is temporarily unable to load., error_401_header=Not authorized for access, landing_section_coaches=Coaches, my_progress_alert_newlessons=Check out the newly added lessons below!, payment_retry_description=Please retry your transaction or choose a new payment method., title_myprogress_page=My Progress - Iniesta&apos;s Methodology Digital, lastname=Testing, landing_purchase_now=Purchase now, video_menu_quality=Video quality, footer_pricing=Pricing, footer_help_contact=Help / Contact, rakuten_id=Rakuten ID, purchase_date=Purchased on, landing_hero_header_end=legend., footer_sustainability=Sustainability, payment_thankyou_header=Thank you for choosing Iniesta&apos;s Methodology!, landing_app_header=Download the official app!, back_to_top=Back to top, notification_add_to_bookmark=Added to My Bookmarks, player_exit_full_screen=Exit full screen, filter_sort_byleast=Sort by least recent, video_high_quality=High quality, footer_terms_of_service=Terms of Use, coach_iniesta_title=Founder of Iniesta&apos;s Methodology, coach_ivan_title=Coach and Assistant Director, title_privacy_page=Privacy Policy - Iniesta&apos;s Methodology Digital, landing_section_about=About, channels.learning-hub.strategy=Strategy, landing_howtostart_plan=Plan out your journey to improve the football skills you wish to work on., billing_sub_details={{plan_name}} - Purchase Date {{purchasedate}}, continue_watching=Continue learning, coach_juanky_description=Technical director Juan Carlos has been coaching and guiding Andrés to grow into the star player he is today for over 28 years. He holds the UEFA-PRO, the top license in Europe. When Iniesta decided to start his football school in Japan, he asked Juan to move to Japan and lead the school with him., download_button=Download, payment_history=Payment history, Privacy_page_url=https://stg-iniesta.ra-sports.net/privacy?source=mobile, continue_watching_description=Continue learning where you left off!, mark_as_watched=Mark as watched, learning_hub_short=Learn, label_free=FREE, button.go-to-payment-history=Go to Payment History, date=Date, channels.learning-hub.physical-description=Learn from Iniesta on how to train your body,prepare before a game,and manage a healthy diet., player_mute=Mute, see_all_updates=See all updates, notification_error_unbookmarking=There was an error while unbookmarking this video., title_learninghub_page=Learning Hub - Iniesta&apos;s Methodology Digital, bookmark_description=See all your saved videos, footer_apps_overview=Apps overview, coach_quim_description=Coach and director of Iniesta’s Methodology, Quim, has coached various youth teams including FC Barcelona for over 20 years. Fully trusted by Iniesta, Quim was the main coordinator and director of Iniesta&apos;s Methodology Campus in Summer 2021 upon Iniesta&apos;s request., ask_iniesta_long=Ask Iniesta, channels.learning-hub.bonus-description=Videos featuring Iniesta to be produced and available for streaming.Stay tuned., channels.learning-hub.bonus=Bonus, title_terms_page=Terms of Use - Iniesta&apos;s Methodology Digital, footer_copyright=© 2022 - 2023, Rakuten Group, Inc., payment_method=Payment method, player_full_screen=Full screen, landing_followus_end=on our channels!, landing_howtostart_enjoy=Enjoy your learnings!, footer_iniesta_methodology_school=Iniesta&apos;s Methodology School, paywall_description=Enable the lesson by purchasing a subscription for Learning Hub!, back_to_home=Back to home, empty_active_subscriptions_header=You have no active subscriptions., account_settings=Account settings, landing_hero_header_start=Learn football, log_out=Sign out, landing_point1_header=Convenience, landing_point3_header=Curated Programs, payment_modal_redirect_header=Please wait..., tooltip_order_failed=We couldn’t process your transaction. If any amount was deducted from your account, it will be refunded within 5-7 business days., completed_videos=Completed lessons, Contact_page_url=https://help.iniestamethodology-digital.com/hc/en-us/requests/new, error_generic_header=Sorry, there was an unknown error., landing_section_contact=Contact, landing_point1_description=Available on any device, at anytime, and anywhere., coach_iniesta_awards=1x FIFA World Cup&#10;1x Euro Cup&#10;4x UEFA Champions League&#10;6x Supercopa de España&#10;9x LaLiga&#10;1x Emperor’s Cup&#10;1x J.League Super Cup&#10;1x UEFA European Player of the Year&#10;1x UEFA European Championship Best Player of the Tournament, subscription_name=Subscription name, settings_full_name=Full name, landing_point3_description=Curated learning programs suggested based on level., error_payment_pending_description=We are currently trying to process your transaction.&#10;&#10;It may take up to 20 minutes to confirm the status of your transaction. Please refresh this page or go to your Payment History to see the most recent status for this transaction., empty_completed_alert=When you complete a lesson, you can easily track it here., empty_inactive_subscriptions_description=Past subscriptions that are expired or refunded will appear here., channels.learning-hub.technique=Technique, legal_terms_title=Terms of Use, total=Total, landing_followus_highlight=Follow us, pricing.learning-hub={{learninghub_price}}, payment_modal_redirect_description=You will be redirected to Rakuten Pay to complete your transaction., landing_hero_description=Iniesta’s Methodology Digital offers a variety of football lessons taught by the world-class football player, Andrés Iniesta, and his coaches catered to your learning cadence. &#10;&#10;Join the football journey with us now to improve skills of your choice!, video_lower_quality=Lower quality, purchase_subscription=Purchase plan, title_settings_page=Settings - Iniesta&apos;s Methodology Digital, label_order_failed=Failed, iniesta_tv_long=Iniesta TV, payment_confirm_description=Please confirm the details of your subscription before proceeding to purchase.&#10;You will be redirected to Rakuten Pay to complete your transaction., completed_videos_description=See all of your completed lessons, landing_howtostart_register=Register to Iniesta&apos;s Methodology with Rakuten ID., Delete_Page_url=https://member.id.rakuten.co.jp/profile/account-security/delete, payment_error_header=An error has occurred., label_preview=Preview, label_open_askIniesta=OPEN, channels.learning-hub.strategy-description=Learn both team&apos;s and individual&apos;s method for each play and game scenario., learning_hub_description=Learning Hub offers 2-5 minute point lessons on various football skills. Improve skills of your choice at your own pace and time with Learning Hub., video_count=videos, error_404_header=Sorry, we couldn&apos;t find the page you&apos;re looking for., payment_confirm_header=Confirm order details, payment_retry_transaction=Retry transaction, filter_sort_byalpha=Sort by ascending order, landing_learning_hub_description=2-5 minute point lessons}](1)" classname="RSDA.RSDAAPP.Test.IniestaTv" time="0.966">
    <failure message="expected [Learning Hub offers 2-5 minute point lessons on various football skills. Improve skills of your choice at your own pace and time with Learning Hub.] but found [All about Iniesta, from his hometown in Spain to his days in Japan or conversations with friends can be found on Iniesta TV.]" type="java.lang.AssertionError"><![CDATA[java.lang.AssertionError: expected [Learning Hub offers 2-5 minute point lessons on various football skills. Improve skills of your choice at your own pace and time with Learning Hub.] but found [All about Iniesta, from his hometown in Spain to his days in Japan or conversations with friends can be found on Iniesta TV.]
	at org.testng.Assert.fail(Assert.java:96)
	at org.testng.Assert.failNotEquals(Assert.java:776)
	at org.testng.Assert.assertEqualsImpl(Assert.java:137)
	at org.testng.Assert.assertEquals(Assert.java:118)
	at org.testng.Assert.assertEquals(Assert.java:453)
	at org.testng.Assert.assertEquals(Assert.java:463)
	at RSDA.RSDAAPP.Test.IniestaTv.checkDescription(IniestaTv.java:47)
	at java.base/jdk.internal.reflect.DirectMethodHandleAccessor.invoke(DirectMethodHandleAccessor.java:104)
	at java.base/java.lang.reflect.Method.invoke(Method.java:577)
	at org.testng.internal.MethodInvocationHelper.invokeMethod(MethodInvocationHelper.java:124)
	at org.testng.internal.Invoker.invokeMethod(Invoker.java:583)
	at org.testng.internal.Invoker.invokeTestMethod(Invoker.java:719)
	at org.testng.internal.Invoker.invokeTestMethods(Invoker.java:989)
	at org.testng.internal.TestMethodWorker.invokeTestMethods(TestMethodWorker.java:125)
	at org.testng.internal.TestMethodWorker.run(TestMethodWorker.java:109)
	at org.testng.TestRunner.privateRun(TestRunner.java:648)
	at org.testng.TestRunner.run(TestRunner.java:505)
	at org.testng.SuiteRunner.runTest(SuiteRunner.java:455)
	at org.testng.SuiteRunner.runSequentially(SuiteRunner.java:450)
	at org.testng.SuiteRunner.privateRun(SuiteRunner.java:415)
	at org.testng.SuiteRunner.run(SuiteRunner.java:364)
	at org.testng.SuiteRunnerWorker.runSuite(SuiteRunnerWorker.java:52)
	at org.testng.SuiteRunnerWorker.run(SuiteRunnerWorker.java:84)
	at org.testng.TestNG.runSuitesSequentially(TestNG.java:1208)
	at org.testng.TestNG.runSuitesLocally(TestNG.java:1137)
	at org.testng.TestNG.runSuites(TestNG.java:1049)
	at org.testng.TestNG.run(TestNG.java:1017)
	at org.apache.maven.surefire.testng.TestNGExecutor.run(TestNGExecutor.java:324)
	at org.apache.maven.surefire.testng.TestNGXmlTestSuite.execute(TestNGXmlTestSuite.java:74)
	at org.apache.maven.surefire.testng.TestNGProvider.invoke(TestNGProvider.java:123)
	at org.apache.maven.surefire.booter.ForkedBooter.runSuitesInProcess(ForkedBooter.java:456)
	at org.apache.maven.surefire.booter.ForkedBooter.execute(ForkedBooter.java:169)
	at org.apache.maven.surefire.booter.ForkedBooter.run(ForkedBooter.java:595)
	at org.apache.maven.surefire.booter.ForkedBooter.main(ForkedBooter.java:581)
]]></failure>
  </testcase>
  <testcase name="playIniestaVideo" classname="RSDA.RSDAAPP.Test.IniestaTv" time="20.937">
    <failure message="no such element: Unable to locate element: {&quot;method&quot;:&quot;xpath&quot;,&quot;selector&quot;:&quot;//div[@class=&quot;vjs-current-time vjs-time-control vjs-control&quot;]&quot;}&#10;  (Session info: chrome=107.0.5304.91)&#10;For documentation on this error, please visit: https://selenium.dev/exceptions/#no_such_element&#10;Build info: version: &apos;4.1.4&apos;, revision: &apos;535d840ee2&apos;&#10;System info: host: &apos;RINMAC2974&apos;, ip: &apos;fe80:0:0:0:1437:56fe:777f:66ae%en0&apos;, os.name: &apos;Mac OS X&apos;, os.arch: &apos;x86_64&apos;, os.version: &apos;12.2.1&apos;, java.version: &apos;18.0.1.1&apos;&#10;Driver info: io.appium.java_client.android.AndroidDriver&#10;Command: [e18b02e4-dc08-4ec7-8638-0de01201d704, findElement {using=xpath, value=//div[@class=&quot;vjs-current-time vjs-time-control vjs-control&quot;]}]&#10;Capabilities {appium:appActivity: com.google.android.apps.chr..., appium:appPackage: com.android.chrome, appium:automationName: UIAutomator2, appium:chromedriverExecutable: /Users/saroj.kumar/Desktop/..., appium:databaseEnabled: false, appium:desired: {automationName: UIAutomator2, browserName: Chrome, chromedriverExecutable: /Users/saroj.kumar/Desktop/..., noReset: true, platformName: android, udid: 321014504727}, appium:deviceApiLevel: 29, appium:deviceManufacturer: ZTE, appium:deviceModel: ZR01, appium:deviceName: 321014504727, appium:deviceScreenDensity: 480, appium:deviceScreenSize: 1080x2460, appium:deviceUDID: 321014504727, appium:javascriptEnabled: true, appium:locationContextEnabled: false, appium:networkConnectionEnabled: true, appium:noReset: true, appium:pixelRatio: 3, appium:platformVersion: 10, appium:statBarHeight: 99, appium:takesScreenshot: true, appium:udid: 321014504727, appium:viewportRect: {height: 2142, left: 0, top: 99, width: 1080}, appium:warnings: {}, appium:webStorageEnabled: false, browserName: Chrome, platformName: android}&#10;Session ID: e18b02e4-dc08-4ec7-8638-0de01201d704" type="org.openqa.selenium.NoSuchElementException"><![CDATA[org.openqa.selenium.NoSuchElementException: 
no such element: Unable to locate element: {"method":"xpath","selector":"//div[@class="vjs-current-time vjs-time-control vjs-control"]"}
  (Session info: chrome=107.0.5304.91)
For documentation on this error, please visit: https://selenium.dev/exceptions/#no_such_element
Build info: version: '4.1.4', revision: '535d840ee2'
System info: host: 'RINMAC2974', ip: 'fe80:0:0:0:1437:56fe:777f:66ae%en0', os.name: 'Mac OS X', os.arch: 'x86_64', os.version: '12.2.1', java.version: '18.0.1.1'
Driver info: io.appium.java_client.android.AndroidDriver
Command: [e18b02e4-dc08-4ec7-8638-0de01201d704, findElement {using=xpath, value=//div[@class="vjs-current-time vjs-time-control vjs-control"]}]
Capabilities {appium:appActivity: com.google.android.apps.chr..., appium:appPackage: com.android.chrome, appium:automationName: UIAutomator2, appium:chromedriverExecutable: /Users/saroj.kumar/Desktop/..., appium:databaseEnabled: false, appium:desired: {automationName: UIAutomator2, browserName: Chrome, chromedriverExecutable: /Users/saroj.kumar/Desktop/..., noReset: true, platformName: android, udid: 321014504727}, appium:deviceApiLevel: 29, appium:deviceManufacturer: ZTE, appium:deviceModel: ZR01, appium:deviceName: 321014504727, appium:deviceScreenDensity: 480, appium:deviceScreenSize: 1080x2460, appium:deviceUDID: 321014504727, appium:javascriptEnabled: true, appium:locationContextEnabled: false, appium:networkConnectionEnabled: true, appium:noReset: true, appium:pixelRatio: 3, appium:platformVersion: 10, appium:statBarHeight: 99, appium:takesScreenshot: true, appium:udid: 321014504727, appium:viewportRect: {height: 2142, left: 0, top: 99, width: 1080}, appium:warnings: {}, appium:webStorageEnabled: false, browserName: Chrome, platformName: android}
Session ID: e18b02e4-dc08-4ec7-8638-0de01201d704
	at java.base/jdk.internal.reflect.DirectConstructorHandleAccessor.newInstance(DirectConstructorHandleAccessor.java:67)
	at java.base/java.lang.reflect.Constructor.newInstanceWithCaller(Constructor.java:499)
	at java.base/java.lang.reflect.Constructor.newInstance(Constructor.java:483)
	at org.openqa.selenium.remote.codec.w3c.W3CHttpResponseCodec.createException(W3CHttpResponseCodec.java:200)
	at org.openqa.selenium.remote.codec.w3c.W3CHttpResponseCodec.decode(W3CHttpResponseCodec.java:133)
	at org.openqa.selenium.remote.codec.w3c.W3CHttpResponseCodec.decode(W3CHttpResponseCodec.java:53)
	at org.openqa.selenium.remote.HttpCommandExecutor.execute(HttpCommandExecutor.java:184)
	at io.appium.java_client.remote.AppiumCommandExecutor.execute(AppiumCommandExecutor.java:180)
	at org.openqa.selenium.remote.RemoteWebDriver.execute(RemoteWebDriver.java:567)
	at org.openqa.selenium.remote.ElementLocation$ElementFinder$2.findElement(ElementLocation.java:162)
	at org.openqa.selenium.remote.ElementLocation.findElement(ElementLocation.java:60)
	at org.openqa.selenium.remote.RemoteWebDriver.findElement(RemoteWebDriver.java:385)
	at org.openqa.selenium.remote.RemoteWebDriver.findElement(RemoteWebDriver.java:377)
	at RSDA.RSDAAPP.Utility.AndroidAction.getVideoTime(AndroidAction.java:91)
	at RSDA.RSDAAPP.Test.IniestaTv.playIniestaVideo(IniestaTv.java:54)
	at java.base/jdk.internal.reflect.DirectMethodHandleAccessor.invoke(DirectMethodHandleAccessor.java:104)
	at java.base/java.lang.reflect.Method.invoke(Method.java:577)
	at org.testng.internal.MethodInvocationHelper.invokeMethod(MethodInvocationHelper.java:124)
	at org.testng.internal.Invoker.invokeMethod(Invoker.java:583)
	at org.testng.internal.Invoker.invokeTestMethod(Invoker.java:719)
	at org.testng.internal.Invoker.invokeTestMethods(Invoker.java:989)
	at org.testng.internal.TestMethodWorker.invokeTestMethods(TestMethodWorker.java:125)
	at org.testng.internal.TestMethodWorker.run(TestMethodWorker.java:109)
	at org.testng.TestRunner.privateRun(TestRunner.java:648)
	at org.testng.TestRunner.run(TestRunner.java:505)
	at org.testng.SuiteRunner.runTest(SuiteRunner.java:455)
	at org.testng.SuiteRunner.runSequentially(SuiteRunner.java:450)
	at org.testng.SuiteRunner.privateRun(SuiteRunner.java:415)
	at org.testng.SuiteRunner.run(SuiteRunner.java:364)
	at org.testng.SuiteRunnerWorker.runSuite(SuiteRunnerWorker.java:52)
	at org.testng.SuiteRunnerWorker.run(SuiteRunnerWorker.java:84)
	at org.testng.TestNG.runSuitesSequentially(TestNG.java:1208)
	at org.testng.TestNG.runSuitesLocally(TestNG.java:1137)
	at org.testng.TestNG.runSuites(TestNG.java:1049)
	at org.testng.TestNG.run(TestNG.java:1017)
	at org.apache.maven.surefire.testng.TestNGExecutor.run(TestNGExecutor.java:324)
	at org.apache.maven.surefire.testng.TestNGXmlTestSuite.execute(TestNGXmlTestSuite.java:74)
	at org.apache.maven.surefire.testng.TestNGProvider.invoke(TestNGProvider.java:123)
	at org.apache.maven.surefire.booter.ForkedBooter.runSuitesInProcess(ForkedBooter.java:456)
	at org.apache.maven.surefire.booter.ForkedBooter.execute(ForkedBooter.java:169)
	at org.apache.maven.surefire.booter.ForkedBooter.run(ForkedBooter.java:595)
	at org.apache.maven.surefire.booter.ForkedBooter.main(ForkedBooter.java:581)
]]></failure>
  </testcase>
</testsuite>